  DetectKnife.cpp
c:\codingworkspace\c++\detectknife\detectknife\shape_context.h(210): warning C4018: “<”: 有符号/无符号不匹配
c:\codingworkspace\c++\detectknife\detectknife\shape_context.h(352): warning C4018: “<”: 有符号/无符号不匹配
c:\codingworkspace\c++\detectknife\detectknife\shape_context.h(370): warning C4244: “初始化”: 从“double”转换到“int”，可能丢失数据
c:\codingworkspace\c++\detectknife\detectknife\shape_context.h(79): warning C4101: “nLast”: 未引用的局部变量
c:\codingworkspace\c++\detectknife\detectknife\shape_context.h(78): warning C4101: “minDist”: 未引用的局部变量
c:\codingworkspace\c++\detectknife\detectknife\shape_context.h(77): warning C4101: “i”: 未引用的局部变量
c:\codingworkspace\c++\detectknife\detectknife\shape_context.h(465): warning C4018: “<”: 有符号/无符号不匹配
c:\codingworkspace\c++\detectknife\detectknife\shape_context.h(793): warning C4018: “<”: 有符号/无符号不匹配
c:\codingworkspace\c++\detectknife\detectknife\shape_context.h(804): warning C4018: “<”: 有符号/无符号不匹配
c:\codingworkspace\c++\detectknife\detectknife\shape_context.h(848): error C3861: “cvSmooth”: 找不到标识符
c:\codingworkspace\c++\detectknife\detectknife\shape_context.h(849): error C3861: “cvThreshold”: 找不到标识符
c:\codingworkspace\c++\detectknife\detectknife\shape_context.h(853): warning C4018: “<”: 有符号/无符号不匹配
c:\codingworkspace\c++\detectknife\detectknife\shape_context.h(855): warning C4018: “<”: 有符号/无符号不匹配
c:\codingworkspace\c++\detectknife\detectknife\shape_context.h(857): warning C4244: “=”: 从“double”转换到“int”，可能丢失数据
c:\codingworkspace\c++\detectknife\detectknife\shape_context.h(872): warning C4018: “<”: 有符号/无符号不匹配
c:\codingworkspace\c++\detectknife\detectknife\shape_context.h(881): error C3861: “cvFindContours”: 找不到标识符
c:\codingworkspace\c++\detectknife\detectknife\shape_context.h(890): error C3861: “cvResize”: 找不到标识符
c:\codingworkspace\c++\detectknife\detectknife\shape_context.h(892): error C3861: “cvThreshold”: 找不到标识符
c:\codingworkspace\c++\detectknife\detectknife\shape_context.h(897): warning C4018: “<”: 有符号/无符号不匹配
c:\codingworkspace\c++\detectknife\detectknife\shape_context.h(899): warning C4018: “<”: 有符号/无符号不匹配
c:\codingworkspace\c++\detectknife\detectknife\shape_context.h(901): warning C4244: “=”: 从“double”转换到“int”，可能丢失数据
c:\codingworkspace\c++\detectknife\detectknife\shape_context.h(925): error C3861: “cvFindContours”: 找不到标识符
c:\codingworkspace\c++\detectknife\detectknife\shape_context.h(941): warning C4018: “<”: 有符号/无符号不匹配
c:\codingworkspace\c++\detectknife\detectknife\detectknife.cpp(116): warning C4018: “<”: 有符号/无符号不匹配
c:\codingworkspace\c++\detectknife\detectknife\detectknife.cpp(155): error C3861: “cvDilate”: 找不到标识符
c:\codingworkspace\c++\detectknife\detectknife\detectknife.cpp(156): error C3861: “cvErode”: 找不到标识符
c:\codingworkspace\c++\detectknife\detectknife\detectknife.cpp(157): error C3861: “cvSmooth”: 找不到标识符
c:\codingworkspace\c++\detectknife\detectknife\detectknife.cpp(159): error C3861: “cvDilate”: 找不到标识符
c:\codingworkspace\c++\detectknife\detectknife\detectknife.cpp(160): error C3861: “cvErode”: 找不到标识符
c:\codingworkspace\c++\detectknife\detectknife\detectknife.cpp(161): error C3861: “cvSmooth”: 找不到标识符
c:\codingworkspace\c++\detectknife\detectknife\detectknife.cpp(292): error C3861: “cvFindContours”: 找不到标识符
c:\codingworkspace\c++\detectknife\detectknife\detectknife.cpp(530): error C3861: “cvMinAreaRect2”: 找不到标识符
c:\codingworkspace\c++\detectknife\detectknife\detectknife.cpp(532): error C3861: “cvBoxPoints”: 找不到标识符
c:\codingworkspace\c++\detectknife\detectknife\detectknife.cpp(824): error C3861: “cvFindContours”: 找不到标识符
c:\codingworkspace\c++\detectknife\detectknife\detectknife.cpp(838): error C3861: “cvContourArea”: 找不到标识符
c:\codingworkspace\c++\detectknife\detectknife\detectknife.cpp(939): warning C4018: “>”: 有符号/无符号不匹配
c:\codingworkspace\c++\detectknife\detectknife\detectknife.cpp(1147): warning C4018: “<”: 有符号/无符号不匹配
c:\codingworkspace\c++\detectknife\detectknife\detectknife.cpp(1152): warning C4018: “<”: 有符号/无符号不匹配
c:\codingworkspace\c++\detectknife\detectknife\detectknife.cpp(1154): warning C4018: “<”: 有符号/无符号不匹配
c:\codingworkspace\c++\detectknife\detectknife\detectknife.cpp(1161): warning C4018: “<”: 有符号/无符号不匹配
c:\codingworkspace\c++\detectknife\detectknife\detectknife.cpp(1163): warning C4018: “<”: 有符号/无符号不匹配
c:\codingworkspace\c++\detectknife\detectknife\detectknife.cpp(1176): warning C4018: “<”: 有符号/无符号不匹配
c:\codingworkspace\c++\detectknife\detectknife\detectknife.cpp(1187): warning C4018: “<”: 有符号/无符号不匹配
c:\codingworkspace\c++\detectknife\detectknife\detectknife.cpp(1189): warning C4018: “<”: 有符号/无符号不匹配
c:\codingworkspace\c++\detectknife\detectknife\detectknife.cpp(1202): warning C4018: “<”: 有符号/无符号不匹配
