  deKnife.cpp
c:\codingworkspace\c++\detectknife\deknife\sc.h(55): warning C4018: “<”: 有符号/无符号不匹配
c:\codingworkspace\c++\detectknife\deknife\sc.h(197): warning C4018: “<”: 有符号/无符号不匹配
c:\codingworkspace\c++\detectknife\deknife\sc.h(215): warning C4244: “初始化”: 从“double”转换到“int”，可能丢失数据
c:\codingworkspace\c++\detectknife\deknife\sc.h(46): warning C4101: “nLast”: 未引用的局部变量
c:\codingworkspace\c++\detectknife\deknife\sc.h(45): warning C4101: “minDist”: 未引用的局部变量
c:\codingworkspace\c++\detectknife\deknife\sc.h(44): warning C4101: “i”: 未引用的局部变量
c:\codingworkspace\c++\detectknife\deknife\sc.h(310): warning C4018: “<”: 有符号/无符号不匹配
c:\codingworkspace\c++\detectknife\deknife\sc.h(635): warning C4018: “<”: 有符号/无符号不匹配
c:\codingworkspace\c++\detectknife\deknife\sc.h(646): warning C4018: “<”: 有符号/无符号不匹配
c:\codingworkspace\c++\detectknife\deknife\sc.h(688): warning C4018: “<”: 有符号/无符号不匹配
c:\codingworkspace\c++\detectknife\deknife\sc.h(690): warning C4018: “<”: 有符号/无符号不匹配
c:\codingworkspace\c++\detectknife\deknife\sc.h(692): warning C4244: “=”: 从“double”转换到“int”，可能丢失数据
c:\codingworkspace\c++\detectknife\deknife\sc.h(707): warning C4018: “<”: 有符号/无符号不匹配
c:\codingworkspace\c++\detectknife\deknife\sc.h(732): warning C4018: “<”: 有符号/无符号不匹配
c:\codingworkspace\c++\detectknife\deknife\sc.h(734): warning C4018: “<”: 有符号/无符号不匹配
c:\codingworkspace\c++\detectknife\deknife\sc.h(736): warning C4244: “=”: 从“double”转换到“int”，可能丢失数据
c:\codingworkspace\c++\detectknife\deknife\sc.h(776): warning C4018: “<”: 有符号/无符号不匹配
c:\codingworkspace\c++\detectknife\deknife\sc.h(753): warning C4101: “optSC”: 未引用的局部变量
c:\codingworkspace\c++\detectknife\deknife\deknife.cpp(92): warning C4018: “<”: 有符号/无符号不匹配
c:\codingworkspace\c++\detectknife\deknife\deknife.cpp(16): warning C4101: “Vdata”: 未引用的局部变量
c:\codingworkspace\c++\detectknife\deknife\deknife.cpp(361): warning C4101: “cs”: 未引用的局部变量
c:\codingworkspace\c++\detectknife\deknife\deknife.cpp(16): warning C4101: “Gdata”: 未引用的局部变量
c:\codingworkspace\c++\detectknife\deknife\deknife.cpp(352): warning C4101: “treatViewRs”: 未引用的局部变量
c:\codingworkspace\c++\detectknife\deknife\deknife.cpp(16): warning C4101: “Bdata”: 未引用的局部变量
c:\codingworkspace\c++\detectknife\deknife\deknife.cpp(16): warning C4101: “Rdata”: 未引用的局部变量
  deKnife.vcxproj -> C:\CodingWorkspace\C++\DetectKnife\Debug\deKnife.exe
  deKnife.vcxproj -> C:\CodingWorkspace\C++\DetectKnife\Debug\deKnife.pdb (Full PDB)
