opencv_world320.lib(dxt.obj) : error LNK2001: 无法解析的外部符号 ippicvMalloc
opencv_world320.lib(smooth.obj) : error LNK2001: 无法解析的外部符号 ippicvMalloc
opencv_world320.lib(morph.obj) : error LNK2001: 无法解析的外部符号 ippicvMalloc
opencv_world320.lib(filter.obj) : error LNK2001: 无法解析的外部符号 ippicvMalloc
opencv_world320.lib(convert.obj) : error LNK2001: 无法解析的外部符号 ippicvMalloc
opencv_world320.lib(dxt.obj) : error LNK2001: 无法解析的外部符号 ippicvFree
opencv_world320.lib(smooth.obj) : error LNK2001: 无法解析的外部符号 ippicvFree
opencv_world320.lib(morph.obj) : error LNK2001: 无法解析的外部符号 ippicvFree
opencv_world320.lib(filter.obj) : error LNK2001: 无法解析的外部符号 ippicvFree
opencv_world320.lib(convert.obj) : error LNK2001: 无法解析的外部符号 ippicvFree
opencv_world320.lib(smooth.obj) : error LNK2001: 无法解析的外部符号 ippicvsMalloc_8u
opencv_world320.lib(templmatch.obj) : error LNK2001: 无法解析的外部符号 ippicvsMalloc_8u
opencv_world320.lib(smooth.obj) : error LNK2001: 无法解析的外部符号 ippicvsFree
opencv_world320.lib(templmatch.obj) : error LNK2001: 无法解析的外部符号 ippicvsFree
opencv_world320.lib(smooth.obj) : error LNK2001: 无法解析的外部符号 ippicviFilterMedianBorderGetBufferSize
opencv_world320.lib(smooth.obj) : error LNK2001: 无法解析的外部符号 ippicviFilterMedianBorder_8u_C1R
opencv_world320.lib(smooth.obj) : error LNK2001: 无法解析的外部符号 ippicviFilterMedianBorder_16s_C1R
opencv_world320.lib(smooth.obj) : error LNK2001: 无法解析的外部符号 ippicviFilterMedianBorder_16u_C1R
opencv_world320.lib(smooth.obj) : error LNK2001: 无法解析的外部符号 ippicviFilterMedianBorder_32f_C1R
opencv_world320.lib(smooth.obj) : error LNK2001: 无法解析的外部符号 ippicviFilterGaussianGetBufferSize
opencv_world320.lib(smooth.obj) : error LNK2001: 无法解析的外部符号 ippicviFilterGaussianInit
opencv_world320.lib(smooth.obj) : error LNK2001: 无法解析的外部符号 ippicviFilterGaussianBorder_32f_C1R
opencv_world320.lib(smooth.obj) : error LNK2001: 无法解析的外部符号 ippicviFilterGaussianBorder_16u_C1R
opencv_world320.lib(smooth.obj) : error LNK2001: 无法解析的外部符号 ippicviFilterGaussianBorder_16s_C1R
opencv_world320.lib(smooth.obj) : error LNK2001: 无法解析的外部符号 ippicviFilterGaussianBorder_8u_C1R
opencv_world320.lib(smooth.obj) : error LNK2001: 无法解析的外部符号 ippicviFilterGaussianBorder_32f_C3R
opencv_world320.lib(smooth.obj) : error LNK2001: 无法解析的外部符号 ippicviFilterGaussianBorder_16u_C3R
opencv_world320.lib(smooth.obj) : error LNK2001: 无法解析的外部符号 ippicviFilterGaussianBorder_16s_C3R
opencv_world320.lib(smooth.obj) : error LNK2001: 无法解析的外部符号 ippicviFilterGaussianBorder_8u_C3R
opencv_world320.lib(thresh.obj) : error LNK2001: 无法解析的外部符号 ippicviThreshold_GT_8u_C1R
opencv_world320.lib(thresh.obj) : error LNK2001: 无法解析的外部符号 ippicviThreshold_GT_16s_C1R
opencv_world320.lib(thresh.obj) : error LNK2001: 无法解析的外部符号 ippicviThreshold_GT_32f_C1R
opencv_world320.lib(thresh.obj) : error LNK2001: 无法解析的外部符号 ippicviThreshold_GT_8u_C1IR
opencv_world320.lib(thresh.obj) : error LNK2001: 无法解析的外部符号 ippicviThreshold_GT_16s_C1IR
opencv_world320.lib(thresh.obj) : error LNK2001: 无法解析的外部符号 ippicviThreshold_GTVal_8u_C1R
opencv_world320.lib(thresh.obj) : error LNK2001: 无法解析的外部符号 ippicviThreshold_GTVal_16s_C1R
opencv_world320.lib(thresh.obj) : error LNK2001: 无法解析的外部符号 ippicviThreshold_GTVal_32f_C1R
opencv_world320.lib(thresh.obj) : error LNK2001: 无法解析的外部符号 ippicviThreshold_GTVal_8u_C1IR
opencv_world320.lib(thresh.obj) : error LNK2001: 无法解析的外部符号 ippicviThreshold_GTVal_16s_C1IR
opencv_world320.lib(thresh.obj) : error LNK2001: 无法解析的外部符号 ippicviThreshold_LTVal_8u_C1R
opencv_world320.lib(thresh.obj) : error LNK2001: 无法解析的外部符号 ippicviThreshold_LTVal_16s_C1R
opencv_world320.lib(thresh.obj) : error LNK2001: 无法解析的外部符号 ippicviThreshold_LTVal_32f_C1R
opencv_world320.lib(thresh.obj) : error LNK2001: 无法解析的外部符号 ippicviThreshold_LTVal_8u_C1IR
opencv_world320.lib(thresh.obj) : error LNK2001: 无法解析的外部符号 ippicviThreshold_LTVal_16s_C1IR
opencv_world320.lib(thresh.obj) : error LNK2001: 无法解析的外部符号 ippicviComputeThreshold_Otsu_8u_C1R
opencv_world320.lib(imgwarp.obj) : error LNK2001: 无法解析的外部符号 ippicviResizeGetSize_16u
opencv_world320.lib(imgwarp.obj) : error LNK2001: 无法解析的外部符号 ippicviResizeGetSize_16s
opencv_world320.lib(imgwarp.obj) : error LNK2001: 无法解析的外部符号 ippicviResizeGetSize_32f
opencv_world320.lib(imgwarp.obj) : error LNK2001: 无法解析的外部符号 ippicviResizeGetSize_64f
opencv_world320.lib(imgwarp.obj) : error LNK2001: 无法解析的外部符号 ippicviResizeGetBufferSize_16u
opencv_world320.lib(imgwarp.obj) : error LNK2001: 无法解析的外部符号 ippicviResizeGetBufferSize_16s
opencv_world320.lib(imgwarp.obj) : error LNK2001: 无法解析的外部符号 ippicviResizeGetBufferSize_32f
opencv_world320.lib(imgwarp.obj) : error LNK2001: 无法解析的外部符号 ippicviResizeGetBufferSize_64f
opencv_world320.lib(imgwarp.obj) : error LNK2001: 无法解析的外部符号 ippicviResizeGetSrcOffset_16u
opencv_world320.lib(imgwarp.obj) : error LNK2001: 无法解析的外部符号 ippicviResizeGetSrcOffset_16s
opencv_world320.lib(imgwarp.obj) : error LNK2001: 无法解析的外部符号 ippicviResizeGetSrcOffset_32f
opencv_world320.lib(imgwarp.obj) : error LNK2001: 无法解析的外部符号 ippicviResizeGetSrcOffset_64f
opencv_world320.lib(imgwarp.obj) : error LNK2001: 无法解析的外部符号 ippicviResizeLinearInit_16u
opencv_world320.lib(imgwarp.obj) : error LNK2001: 无法解析的外部符号 ippicviResizeLinearInit_16s
opencv_world320.lib(imgwarp.obj) : error LNK2001: 无法解析的外部符号 ippicviResizeLinearInit_32f
opencv_world320.lib(imgwarp.obj) : error LNK2001: 无法解析的外部符号 ippicviResizeLinearInit_64f
opencv_world320.lib(imgwarp.obj) : error LNK2001: 无法解析的外部符号 ippicviResizeCubicInit_16u
opencv_world320.lib(imgwarp.obj) : error LNK2001: 无法解析的外部符号 ippicviResizeCubicInit_16s
opencv_world320.lib(imgwarp.obj) : error LNK2001: 无法解析的外部符号 ippicviResizeCubicInit_32f
opencv_world320.lib(imgwarp.obj) : error LNK2001: 无法解析的外部符号 ippicviResizeLinear_16u_C1R
opencv_world320.lib(imgwarp.obj) : error LNK2001: 无法解析的外部符号 ippicviResizeLinear_16u_C3R
opencv_world320.lib(imgwarp.obj) : error LNK2001: 无法解析的外部符号 ippicviResizeLinear_16u_C4R
opencv_world320.lib(imgwarp.obj) : error LNK2001: 无法解析的外部符号 ippicviResizeLinear_16s_C1R
opencv_world320.lib(imgwarp.obj) : error LNK2001: 无法解析的外部符号 ippicviResizeLinear_16s_C3R
opencv_world320.lib(imgwarp.obj) : error LNK2001: 无法解析的外部符号 ippicviResizeLinear_16s_C4R
opencv_world320.lib(imgwarp.obj) : error LNK2001: 无法解析的外部符号 ippicviResizeLinear_32f_C1R
opencv_world320.lib(imgwarp.obj) : error LNK2001: 无法解析的外部符号 ippicviResizeLinear_32f_C3R
opencv_world320.lib(imgwarp.obj) : error LNK2001: 无法解析的外部符号 ippicviResizeLinear_32f_C4R
opencv_world320.lib(imgwarp.obj) : error LNK2001: 无法解析的外部符号 ippicviResizeLinear_64f_C1R
opencv_world320.lib(imgwarp.obj) : error LNK2001: 无法解析的外部符号 ippicviResizeLinear_64f_C3R
opencv_world320.lib(imgwarp.obj) : error LNK2001: 无法解析的外部符号 ippicviResizeLinear_64f_C4R
opencv_world320.lib(imgwarp.obj) : error LNK2001: 无法解析的外部符号 ippicviResizeCubic_16u_C1R
opencv_world320.lib(imgwarp.obj) : error LNK2001: 无法解析的外部符号 ippicviResizeCubic_16u_C3R
opencv_world320.lib(imgwarp.obj) : error LNK2001: 无法解析的外部符号 ippicviResizeCubic_16u_C4R
opencv_world320.lib(imgwarp.obj) : error LNK2001: 无法解析的外部符号 ippicviResizeCubic_16s_C1R
opencv_world320.lib(imgwarp.obj) : error LNK2001: 无法解析的外部符号 ippicviResizeCubic_16s_C3R
opencv_world320.lib(imgwarp.obj) : error LNK2001: 无法解析的外部符号 ippicviResizeCubic_16s_C4R
opencv_world320.lib(imgwarp.obj) : error LNK2001: 无法解析的外部符号 ippicviResizeCubic_32f_C1R
opencv_world320.lib(imgwarp.obj) : error LNK2001: 无法解析的外部符号 ippicviResizeCubic_32f_C3R
opencv_world320.lib(imgwarp.obj) : error LNK2001: 无法解析的外部符号 ippicviResizeCubic_32f_C4R
opencv_world320.lib(morph.obj) : error LNK2001: 无法解析的外部符号 ippicviFilterMaxBorderGetBufferSize
opencv_world320.lib(morph.obj) : error LNK2001: 无法解析的外部符号 ippicviFilterMinBorderGetBufferSize
opencv_world320.lib(morph.obj) : error LNK2001: 无法解析的外部符号 ippicviFilterMaxBorder_8u_C1R
opencv_world320.lib(morph.obj) : error LNK2001: 无法解析的外部符号 ippicviFilterMaxBorder_8u_C3R
opencv_world320.lib(morph.obj) : error LNK2001: 无法解析的外部符号 ippicviFilterMaxBorder_8u_C4R
opencv_world320.lib(morph.obj) : error LNK2001: 无法解析的外部符号 ippicviFilterMaxBorder_32f_C1R
opencv_world320.lib(morph.obj) : error LNK2001: 无法解析的外部符号 ippicviFilterMaxBorder_32f_C3R
opencv_world320.lib(morph.obj) : error LNK2001: 无法解析的外部符号 ippicviFilterMaxBorder_32f_C4R
opencv_world320.lib(morph.obj) : error LNK2001: 无法解析的外部符号 ippicviFilterMinBorder_8u_C1R
opencv_world320.lib(morph.obj) : error LNK2001: 无法解析的外部符号 ippicviFilterMinBorder_8u_C3R
opencv_world320.lib(morph.obj) : error LNK2001: 无法解析的外部符号 ippicviFilterMinBorder_8u_C4R
opencv_world320.lib(morph.obj) : error LNK2001: 无法解析的外部符号 ippicviFilterMinBorder_32f_C1R
opencv_world320.lib(morph.obj) : error LNK2001: 无法解析的外部符号 ippicviFilterMinBorder_32f_C3R
opencv_world320.lib(morph.obj) : error LNK2001: 无法解析的外部符号 ippicviFilterMinBorder_32f_C4R
opencv_world320.lib(morph.obj) : error LNK2001: 无法解析的外部符号 ippicviMorphologyBorderGetSize_8u_C1R
opencv_world320.lib(morph.obj) : error LNK2001: 无法解析的外部符号 ippicviMorphologyBorderGetSize_8u_C3R
opencv_world320.lib(morph.obj) : error LNK2001: 无法解析的外部符号 ippicviMorphologyBorderGetSize_8u_C4R
opencv_world320.lib(morph.obj) : error LNK2001: 无法解析的外部符号 ippicviMorphologyBorderGetSize_32f_C1R
opencv_world320.lib(morph.obj) : error LNK2001: 无法解析的外部符号 ippicviMorphologyBorderGetSize_32f_C3R
opencv_world320.lib(morph.obj) : error LNK2001: 无法解析的外部符号 ippicviMorphologyBorderGetSize_32f_C4R
opencv_world320.lib(morph.obj) : error LNK2001: 无法解析的外部符号 ippicviMorphologyBorderInit_8u_C1R
opencv_world320.lib(morph.obj) : error LNK2001: 无法解析的外部符号 ippicviMorphologyBorderInit_8u_C3R
opencv_world320.lib(morph.obj) : error LNK2001: 无法解析的外部符号 ippicviMorphologyBorderInit_8u_C4R
opencv_world320.lib(morph.obj) : error LNK2001: 无法解析的外部符号 ippicviMorphologyBorderInit_32f_C1R
opencv_world320.lib(morph.obj) : error LNK2001: 无法解析的外部符号 ippicviMorphologyBorderInit_32f_C3R
opencv_world320.lib(morph.obj) : error LNK2001: 无法解析的外部符号 ippicviMorphologyBorderInit_32f_C4R
opencv_world320.lib(morph.obj) : error LNK2001: 无法解析的外部符号 ippicviDilateBorder_8u_C1R
opencv_world320.lib(morph.obj) : error LNK2001: 无法解析的外部符号 ippicviDilateBorder_8u_C3R
opencv_world320.lib(morph.obj) : error LNK2001: 无法解析的外部符号 ippicviDilateBorder_8u_C4R
opencv_world320.lib(morph.obj) : error LNK2001: 无法解析的外部符号 ippicviDilateBorder_32f_C1R
opencv_world320.lib(morph.obj) : error LNK2001: 无法解析的外部符号 ippicviDilateBorder_32f_C3R
opencv_world320.lib(morph.obj) : error LNK2001: 无法解析的外部符号 ippicviDilateBorder_32f_C4R
opencv_world320.lib(morph.obj) : error LNK2001: 无法解析的外部符号 ippicviErodeBorder_8u_C1R
opencv_world320.lib(morph.obj) : error LNK2001: 无法解析的外部符号 ippicviErodeBorder_8u_C3R
opencv_world320.lib(morph.obj) : error LNK2001: 无法解析的外部符号 ippicviErodeBorder_8u_C4R
opencv_world320.lib(morph.obj) : error LNK2001: 无法解析的外部符号 ippicviErodeBorder_32f_C1R
opencv_world320.lib(morph.obj) : error LNK2001: 无法解析的外部符号 ippicviErodeBorder_32f_C3R
opencv_world320.lib(morph.obj) : error LNK2001: 无法解析的外部符号 ippicviErodeBorder_32f_C4R
opencv_world320.lib(system.obj) : error LNK2001: 无法解析的外部符号 ippicvInit
opencv_world320.lib(system.obj) : error LNK2001: 无法解析的外部符号 ippicvSetCpuFeatures
opencv_world320.lib(copy.obj) : error LNK2001: 无法解析的外部符号 ippicviMirror_8u_C1R
opencv_world320.lib(copy.obj) : error LNK2001: 无法解析的外部符号 ippicviMirror_8u_C3R
opencv_world320.lib(copy.obj) : error LNK2001: 无法解析的外部符号 ippicviMirror_8u_C4R
opencv_world320.lib(copy.obj) : error LNK2001: 无法解析的外部符号 ippicviMirror_8u_C1IR
opencv_world320.lib(copy.obj) : error LNK2001: 无法解析的外部符号 ippicviMirror_8u_C3IR
opencv_world320.lib(copy.obj) : error LNK2001: 无法解析的外部符号 ippicviMirror_8u_C4IR
opencv_world320.lib(copy.obj) : error LNK2001: 无法解析的外部符号 ippicviMirror_16u_C1R
opencv_world320.lib(copy.obj) : error LNK2001: 无法解析的外部符号 ippicviMirror_16u_C3R
opencv_world320.lib(copy.obj) : error LNK2001: 无法解析的外部符号 ippicviMirror_16u_C4R
opencv_world320.lib(copy.obj) : error LNK2001: 无法解析的外部符号 ippicviMirror_16u_C1IR
opencv_world320.lib(copy.obj) : error LNK2001: 无法解析的外部符号 ippicviMirror_16u_C3IR
opencv_world320.lib(copy.obj) : error LNK2001: 无法解析的外部符号 ippicviMirror_16u_C4IR
opencv_world320.lib(copy.obj) : error LNK2001: 无法解析的外部符号 ippicviMirror_32s_C1R
opencv_world320.lib(copy.obj) : error LNK2001: 无法解析的外部符号 ippicviMirror_32s_C3R
opencv_world320.lib(copy.obj) : error LNK2001: 无法解析的外部符号 ippicviMirror_32s_C4R
opencv_world320.lib(copy.obj) : error LNK2001: 无法解析的外部符号 ippicviMirror_32s_C1IR
opencv_world320.lib(copy.obj) : error LNK2001: 无法解析的外部符号 ippicviMirror_32s_C3IR
opencv_world320.lib(copy.obj) : error LNK2001: 无法解析的外部符号 ippicviMirror_32s_C4IR
opencv_world320.lib(copy.obj) : error LNK2001: 无法解析的外部符号 ippicviMirror_16s_C1R
opencv_world320.lib(copy.obj) : error LNK2001: 无法解析的外部符号 ippicviMirror_16s_C3R
opencv_world320.lib(copy.obj) : error LNK2001: 无法解析的外部符号 ippicviMirror_16s_C4R
opencv_world320.lib(copy.obj) : error LNK2001: 无法解析的外部符号 ippicviMirror_16s_C1IR
opencv_world320.lib(copy.obj) : error LNK2001: 无法解析的外部符号 ippicviMirror_16s_C3IR
opencv_world320.lib(copy.obj) : error LNK2001: 无法解析的外部符号 ippicviMirror_16s_C4IR
opencv_world320.lib(copy.obj) : error LNK2001: 无法解析的外部符号 ippicviMirror_32f_C1R
opencv_world320.lib(copy.obj) : error LNK2001: 无法解析的外部符号 ippicviMirror_32f_C3R
opencv_world320.lib(copy.obj) : error LNK2001: 无法解析的外部符号 ippicviMirror_32f_C4R
opencv_world320.lib(copy.obj) : error LNK2001: 无法解析的外部符号 ippicviMirror_32f_C1IR
opencv_world320.lib(copy.obj) : error LNK2001: 无法解析的外部符号 ippicviMirror_32f_C3IR
opencv_world320.lib(copy.obj) : error LNK2001: 无法解析的外部符号 ippicviMirror_32f_C4IR
opencv_world320.lib(copy.obj) : error LNK2001: 无法解析的外部符号 ippicviCopy_8u_C1R
opencv_world320.lib(color.obj) : error LNK2001: 无法解析的外部符号 ippicviCopy_8u_C1R
opencv_world320.lib(copy.obj) : error LNK2001: 无法解析的外部符号 ippicviCopy_8u_C1MR
opencv_world320.lib(copy.obj) : error LNK2001: 无法解析的外部符号 ippicviCopy_32s_C1MR
opencv_world320.lib(copy.obj) : error LNK2001: 无法解析的外部符号 ippicviCopy_32s_C4MR
opencv_world320.lib(copy.obj) : error LNK2001: 无法解析的外部符号 ippicviCopy_16u_C1MR
opencv_world320.lib(copy.obj) : error LNK2001: 无法解析的外部符号 ippicviCopy_16u_C3MR
opencv_world320.lib(copy.obj) : error LNK2001: 无法解析的外部符号 ippicviSet_16s_C1MR
opencv_world320.lib(copy.obj) : error LNK2001: 无法解析的外部符号 ippicviSet_16s_C3MR
opencv_world320.lib(copy.obj) : error LNK2001: 无法解析的外部符号 ippicviSet_16s_C4MR
opencv_world320.lib(copy.obj) : error LNK2001: 无法解析的外部符号 ippicviSet_32f_C1MR
opencv_world320.lib(copy.obj) : error LNK2001: 无法解析的外部符号 ippicviSet_32f_C3MR
opencv_world320.lib(copy.obj) : error LNK2001: 无法解析的外部符号 ippicviSet_32f_C4MR
opencv_world320.lib(copy.obj) : error LNK2001: 无法解析的外部符号 ippicviSet_32s_C1MR
opencv_world320.lib(copy.obj) : error LNK2001: 无法解析的外部符号 ippicviSet_32s_C3MR
opencv_world320.lib(copy.obj) : error LNK2001: 无法解析的外部符号 ippicviSet_32s_C4MR
opencv_world320.lib(copy.obj) : error LNK2001: 无法解析的外部符号 ippicviSet_16u_C1MR
opencv_world320.lib(copy.obj) : error LNK2001: 无法解析的外部符号 ippicviSet_16u_C3MR
opencv_world320.lib(copy.obj) : error LNK2001: 无法解析的外部符号 ippicviSet_16u_C4MR
opencv_world320.lib(matrix.obj) : error LNK2001: 无法解析的外部符号 ippicvsFlip_16u_I
opencv_world320.lib(matrix.obj) : error LNK2001: 无法解析的外部符号 ippicvsFlip_32f_I
opencv_world320.lib(matrix.obj) : error LNK2001: 无法解析的外部符号 ippicvsFlip_64f_I
opencv_world320.lib(matrix.obj) : error LNK2001: 无法解析的外部符号 ippicvsFlip_8u_I
opencv_world320.lib(matrix.obj) : error LNK2001: 无法解析的外部符号 ippicvsSortAscend_8u_I
opencv_world320.lib(matrix.obj) : error LNK2001: 无法解析的外部符号 ippicvsSortDescend_8u_I
opencv_world320.lib(matrix.obj) : error LNK2001: 无法解析的外部符号 ippicviTranspose_8u_C1R
opencv_world320.lib(matrix.obj) : error LNK2001: 无法解析的外部符号 ippicviTranspose_8u_C3R
opencv_world320.lib(matrix.obj) : error LNK2001: 无法解析的外部符号 ippicviTranspose_8u_C4R
opencv_world320.lib(matrix.obj) : error LNK2001: 无法解析的外部符号 ippicviTranspose_8u_C1IR
opencv_world320.lib(matrix.obj) : error LNK2001: 无法解析的外部符号 ippicviTranspose_8u_C3IR
opencv_world320.lib(matrix.obj) : error LNK2001: 无法解析的外部符号 ippicviTranspose_8u_C4IR
opencv_world320.lib(matrix.obj) : error LNK2001: 无法解析的外部符号 ippicviTranspose_16u_C1R
opencv_world320.lib(matrix.obj) : error LNK2001: 无法解析的外部符号 ippicviTranspose_16u_C3R
opencv_world320.lib(matrix.obj) : error LNK2001: 无法解析的外部符号 ippicviTranspose_16u_C4R
opencv_world320.lib(matrix.obj) : error LNK2001: 无法解析的外部符号 ippicviTranspose_16u_C1IR
opencv_world320.lib(matrix.obj) : error LNK2001: 无法解析的外部符号 ippicviTranspose_16u_C3IR
opencv_world320.lib(matrix.obj) : error LNK2001: 无法解析的外部符号 ippicviTranspose_16u_C4IR
opencv_world320.lib(matrix.obj) : error LNK2001: 无法解析的外部符号 ippicviTranspose_32s_C1R
opencv_world320.lib(matrix.obj) : error LNK2001: 无法解析的外部符号 ippicviTranspose_32s_C3R
opencv_world320.lib(matrix.obj) : error LNK2001: 无法解析的外部符号 ippicviTranspose_32s_C4R
opencv_world320.lib(matrix.obj) : error LNK2001: 无法解析的外部符号 ippicviTranspose_32s_C1IR
opencv_world320.lib(matrix.obj) : error LNK2001: 无法解析的外部符号 ippicviTranspose_32s_C3IR
opencv_world320.lib(matrix.obj) : error LNK2001: 无法解析的外部符号 ippicviTranspose_32s_C4IR
opencv_world320.lib(matrix.obj) : error LNK2001: 无法解析的外部符号 ippicviTranspose_16s_C1R
opencv_world320.lib(matrix.obj) : error LNK2001: 无法解析的外部符号 ippicviTranspose_16s_C3R
opencv_world320.lib(matrix.obj) : error LNK2001: 无法解析的外部符号 ippicviTranspose_16s_C4R
opencv_world320.lib(matrix.obj) : error LNK2001: 无法解析的外部符号 ippicviTranspose_16s_C1IR
opencv_world320.lib(matrix.obj) : error LNK2001: 无法解析的外部符号 ippicviTranspose_16s_C3IR
opencv_world320.lib(matrix.obj) : error LNK2001: 无法解析的外部符号 ippicviTranspose_16s_C4IR
opencv_world320.lib(matrix.obj) : error LNK2001: 无法解析的外部符号 ippicviTranspose_32f_C1R
opencv_world320.lib(matrix.obj) : error LNK2001: 无法解析的外部符号 ippicviTranspose_32f_C3R
opencv_world320.lib(matrix.obj) : error LNK2001: 无法解析的外部符号 ippicviTranspose_32f_C4R
opencv_world320.lib(matrix.obj) : error LNK2001: 无法解析的外部符号 ippicviTranspose_32f_C1IR
opencv_world320.lib(matrix.obj) : error LNK2001: 无法解析的外部符号 ippicviTranspose_32f_C3IR
opencv_world320.lib(matrix.obj) : error LNK2001: 无法解析的外部符号 ippicviTranspose_32f_C4IR
opencv_world320.lib(matrix.obj) : error LNK2001: 无法解析的外部符号 ippicviMax_16s_C1R
opencv_world320.lib(matrix.obj) : error LNK2001: 无法解析的外部符号 ippicviMax_16u_C1R
opencv_world320.lib(matrix.obj) : error LNK2001: 无法解析的外部符号 ippicviMax_32f_C1R
opencv_world320.lib(matrix.obj) : error LNK2001: 无法解析的外部符号 ippicviMax_8u_C1R
opencv_world320.lib(matrix.obj) : error LNK2001: 无法解析的外部符号 ippicviMin_16s_C1R
opencv_world320.lib(matrix.obj) : error LNK2001: 无法解析的外部符号 ippicviMin_16u_C1R
opencv_world320.lib(matrix.obj) : error LNK2001: 无法解析的外部符号 ippicviMin_32f_C1R
opencv_world320.lib(matrix.obj) : error LNK2001: 无法解析的外部符号 ippicviMin_8u_C1R
opencv_world320.lib(matrix.obj) : error LNK2001: 无法解析的外部符号 ippicviSum_8u_C1R
opencv_world320.lib(stat.obj) : error LNK2001: 无法解析的外部符号 ippicviSum_8u_C1R
opencv_world320.lib(matrix.obj) : error LNK2001: 无法解析的外部符号 ippicviSum_8u_C3R
opencv_world320.lib(stat.obj) : error LNK2001: 无法解析的外部符号 ippicviSum_8u_C3R
opencv_world320.lib(matrix.obj) : error LNK2001: 无法解析的外部符号 ippicviSum_8u_C4R
opencv_world320.lib(stat.obj) : error LNK2001: 无法解析的外部符号 ippicviSum_8u_C4R
opencv_world320.lib(matrix.obj) : error LNK2001: 无法解析的外部符号 ippicviSum_16u_C1R
opencv_world320.lib(stat.obj) : error LNK2001: 无法解析的外部符号 ippicviSum_16u_C1R
opencv_world320.lib(matrix.obj) : error LNK2001: 无法解析的外部符号 ippicviSum_16u_C3R
opencv_world320.lib(stat.obj) : error LNK2001: 无法解析的外部符号 ippicviSum_16u_C3R
opencv_world320.lib(matrix.obj) : error LNK2001: 无法解析的外部符号 ippicviSum_16u_C4R
opencv_world320.lib(stat.obj) : error LNK2001: 无法解析的外部符号 ippicviSum_16u_C4R
opencv_world320.lib(matrix.obj) : error LNK2001: 无法解析的外部符号 ippicviSum_16s_C1R
opencv_world320.lib(stat.obj) : error LNK2001: 无法解析的外部符号 ippicviSum_16s_C1R
opencv_world320.lib(matrix.obj) : error LNK2001: 无法解析的外部符号 ippicviSum_16s_C3R
opencv_world320.lib(stat.obj) : error LNK2001: 无法解析的外部符号 ippicviSum_16s_C3R
opencv_world320.lib(matrix.obj) : error LNK2001: 无法解析的外部符号 ippicviSum_16s_C4R
opencv_world320.lib(stat.obj) : error LNK2001: 无法解析的外部符号 ippicviSum_16s_C4R
opencv_world320.lib(matrix.obj) : error LNK2001: 无法解析的外部符号 ippicviSum_32f_C1R
opencv_world320.lib(stat.obj) : error LNK2001: 无法解析的外部符号 ippicviSum_32f_C1R
opencv_world320.lib(matrix.obj) : error LNK2001: 无法解析的外部符号 ippicviSum_32f_C3R
opencv_world320.lib(stat.obj) : error LNK2001: 无法解析的外部符号 ippicviSum_32f_C3R
opencv_world320.lib(matrix.obj) : error LNK2001: 无法解析的外部符号 ippicviSum_32f_C4R
opencv_world320.lib(stat.obj) : error LNK2001: 无法解析的外部符号 ippicviSum_32f_C4R
opencv_world320.lib(persistence.obj) : error LNK2001: 无法解析的外部符号 gzputs
opencv_world320.lib(persistence.obj) : error LNK2001: 无法解析的外部符号 gzgets
opencv_world320.lib(persistence.obj) : error LNK2001: 无法解析的外部符号 gzrewind
opencv_world320.lib(persistence.obj) : error LNK2001: 无法解析的外部符号 gzeof
opencv_world320.lib(persistence.obj) : error LNK2001: 无法解析的外部符号 gzclose
opencv_world320.lib(persistence.obj) : error LNK2001: 无法解析的外部符号 gzopen
opencv_world320.lib(stat.obj) : error LNK2001: 无法解析的外部符号 ippicviCountInRange_8u_C1R
opencv_world320.lib(stat.obj) : error LNK2001: 无法解析的外部符号 ippicviCountInRange_32f_C1R
opencv_world320.lib(stat.obj) : error LNK2001: 无法解析的外部符号 ippicviMean_8u_C1R
opencv_world320.lib(stat.obj) : error LNK2001: 无法解析的外部符号 ippicviMean_8u_C3R
opencv_world320.lib(stat.obj) : error LNK2001: 无法解析的外部符号 ippicviMean_8u_C4R
opencv_world320.lib(stat.obj) : error LNK2001: 无法解析的外部符号 ippicviMean_16s_C1R
opencv_world320.lib(stat.obj) : error LNK2001: 无法解析的外部符号 ippicviMean_16s_C3R
opencv_world320.lib(stat.obj) : error LNK2001: 无法解析的外部符号 ippicviMean_16s_C4R
opencv_world320.lib(stat.obj) : error LNK2001: 无法解析的外部符号 ippicviMean_16u_C1R
opencv_world320.lib(stat.obj) : error LNK2001: 无法解析的外部符号 ippicviMean_16u_C3R
opencv_world320.lib(stat.obj) : error LNK2001: 无法解析的外部符号 ippicviMean_16u_C4R
opencv_world320.lib(stat.obj) : error LNK2001: 无法解析的外部符号 ippicviMean_32f_C1R
opencv_world320.lib(stat.obj) : error LNK2001: 无法解析的外部符号 ippicviMean_32f_C3R
opencv_world320.lib(stat.obj) : error LNK2001: 无法解析的外部符号 ippicviMean_32f_C4R
opencv_world320.lib(stat.obj) : error LNK2001: 无法解析的外部符号 ippicviNorm_Inf_8u_C1R
opencv_world320.lib(stat.obj) : error LNK2001: 无法解析的外部符号 ippicviNorm_Inf_8u_C3R
opencv_world320.lib(stat.obj) : error LNK2001: 无法解析的外部符号 ippicviNorm_Inf_8u_C4R
opencv_world320.lib(stat.obj) : error LNK2001: 无法解析的外部符号 ippicviNorm_Inf_16s_C1R
opencv_world320.lib(stat.obj) : error LNK2001: 无法解析的外部符号 ippicviNorm_Inf_16s_C3R
opencv_world320.lib(stat.obj) : error LNK2001: 无法解析的外部符号 ippicviNorm_Inf_16s_C4R
opencv_world320.lib(stat.obj) : error LNK2001: 无法解析的外部符号 ippicviNorm_Inf_16u_C1R
opencv_world320.lib(stat.obj) : error LNK2001: 无法解析的外部符号 ippicviNorm_Inf_16u_C3R
opencv_world320.lib(stat.obj) : error LNK2001: 无法解析的外部符号 ippicviNorm_Inf_16u_C4R
opencv_world320.lib(stat.obj) : error LNK2001: 无法解析的外部符号 ippicviNorm_Inf_32f_C1R
opencv_world320.lib(stat.obj) : error LNK2001: 无法解析的外部符号 ippicviNorm_Inf_32f_C3R
opencv_world320.lib(stat.obj) : error LNK2001: 无法解析的外部符号 ippicviNorm_Inf_32f_C4R
opencv_world320.lib(stat.obj) : error LNK2001: 无法解析的外部符号 ippicviNorm_L1_8u_C1R
opencv_world320.lib(stat.obj) : error LNK2001: 无法解析的外部符号 ippicviNorm_L1_8u_C3R
opencv_world320.lib(stat.obj) : error LNK2001: 无法解析的外部符号 ippicviNorm_L1_8u_C4R
opencv_world320.lib(stat.obj) : error LNK2001: 无法解析的外部符号 ippicviNorm_L1_16s_C1R
opencv_world320.lib(stat.obj) : error LNK2001: 无法解析的外部符号 ippicviNorm_L1_16s_C3R
opencv_world320.lib(stat.obj) : error LNK2001: 无法解析的外部符号 ippicviNorm_L1_16s_C4R
opencv_world320.lib(stat.obj) : error LNK2001: 无法解析的外部符号 ippicviNorm_L1_16u_C1R
opencv_world320.lib(stat.obj) : error LNK2001: 无法解析的外部符号 ippicviNorm_L1_16u_C3R
opencv_world320.lib(stat.obj) : error LNK2001: 无法解析的外部符号 ippicviNorm_L1_16u_C4R
opencv_world320.lib(stat.obj) : error LNK2001: 无法解析的外部符号 ippicviNorm_L1_32f_C1R
opencv_world320.lib(stat.obj) : error LNK2001: 无法解析的外部符号 ippicviNorm_L1_32f_C3R
opencv_world320.lib(stat.obj) : error LNK2001: 无法解析的外部符号 ippicviNorm_L1_32f_C4R
opencv_world320.lib(stat.obj) : error LNK2001: 无法解析的外部符号 ippicviNorm_L2_8u_C1R
opencv_world320.lib(stat.obj) : error LNK2001: 无法解析的外部符号 ippicviNorm_L2_8u_C3R
opencv_world320.lib(stat.obj) : error LNK2001: 无法解析的外部符号 ippicviNorm_L2_8u_C4R
opencv_world320.lib(stat.obj) : error LNK2001: 无法解析的外部符号 ippicviNorm_L2_16s_C1R
opencv_world320.lib(stat.obj) : error LNK2001: 无法解析的外部符号 ippicviNorm_L2_16s_C3R
opencv_world320.lib(stat.obj) : error LNK2001: 无法解析的外部符号 ippicviNorm_L2_16s_C4R
opencv_world320.lib(stat.obj) : error LNK2001: 无法解析的外部符号 ippicviNorm_L2_16u_C1R
opencv_world320.lib(stat.obj) : error LNK2001: 无法解析的外部符号 ippicviNorm_L2_16u_C3R
opencv_world320.lib(stat.obj) : error LNK2001: 无法解析的外部符号 ippicviNorm_L2_16u_C4R
opencv_world320.lib(stat.obj) : error LNK2001: 无法解析的外部符号 ippicviNorm_L2_32f_C1R
opencv_world320.lib(stat.obj) : error LNK2001: 无法解析的外部符号 ippicviNorm_L2_32f_C3R
opencv_world320.lib(stat.obj) : error LNK2001: 无法解析的外部符号 ippicviNorm_L2_32f_C4R
opencv_world320.lib(stat.obj) : error LNK2001: 无法解析的外部符号 ippicviNormRel_Inf_8u_C1R
opencv_world320.lib(stat.obj) : error LNK2001: 无法解析的外部符号 ippicviNormRel_Inf_16u_C1R
opencv_world320.lib(stat.obj) : error LNK2001: 无法解析的外部符号 ippicviNormRel_Inf_16s_C1R
opencv_world320.lib(stat.obj) : error LNK2001: 无法解析的外部符号 ippicviNormRel_Inf_32f_C1R
opencv_world320.lib(stat.obj) : error LNK2001: 无法解析的外部符号 ippicviNormRel_L1_8u_C1R
opencv_world320.lib(stat.obj) : error LNK2001: 无法解析的外部符号 ippicviNormRel_L1_16s_C1R
opencv_world320.lib(stat.obj) : error LNK2001: 无法解析的外部符号 ippicviNormRel_L1_16u_C1R
opencv_world320.lib(stat.obj) : error LNK2001: 无法解析的外部符号 ippicviNormRel_L1_32f_C1R
opencv_world320.lib(stat.obj) : error LNK2001: 无法解析的外部符号 ippicviNormRel_L2_8u_C1R
opencv_world320.lib(stat.obj) : error LNK2001: 无法解析的外部符号 ippicviNormRel_L2_16s_C1R
opencv_world320.lib(stat.obj) : error LNK2001: 无法解析的外部符号 ippicviNormRel_L2_16u_C1R
opencv_world320.lib(stat.obj) : error LNK2001: 无法解析的外部符号 ippicviNormRel_L2_32f_C1R
opencv_world320.lib(stat.obj) : error LNK2001: 无法解析的外部符号 ippicviNormDiff_Inf_8u_C1R
opencv_world320.lib(stat.obj) : error LNK2001: 无法解析的外部符号 ippicviNormDiff_Inf_8u_C3R
opencv_world320.lib(stat.obj) : error LNK2001: 无法解析的外部符号 ippicviNormDiff_Inf_8u_C4R
opencv_world320.lib(stat.obj) : error LNK2001: 无法解析的外部符号 ippicviNormDiff_Inf_16s_C1R
opencv_world320.lib(stat.obj) : error LNK2001: 无法解析的外部符号 ippicviNormDiff_Inf_16s_C3R
opencv_world320.lib(stat.obj) : error LNK2001: 无法解析的外部符号 ippicviNormDiff_Inf_16s_C4R
opencv_world320.lib(stat.obj) : error LNK2001: 无法解析的外部符号 ippicviNormDiff_Inf_16u_C1R
opencv_world320.lib(stat.obj) : error LNK2001: 无法解析的外部符号 ippicviNormDiff_Inf_16u_C3R
opencv_world320.lib(stat.obj) : error LNK2001: 无法解析的外部符号 ippicviNormDiff_Inf_16u_C4R
opencv_world320.lib(stat.obj) : error LNK2001: 无法解析的外部符号 ippicviNormDiff_Inf_32f_C1R
opencv_world320.lib(stat.obj) : error LNK2001: 无法解析的外部符号 ippicviNormDiff_Inf_32f_C3R
opencv_world320.lib(stat.obj) : error LNK2001: 无法解析的外部符号 ippicviNormDiff_Inf_32f_C4R
opencv_world320.lib(stat.obj) : error LNK2001: 无法解析的外部符号 ippicviNormDiff_L1_8u_C1R
opencv_world320.lib(stat.obj) : error LNK2001: 无法解析的外部符号 ippicviNormDiff_L1_8u_C3R
opencv_world320.lib(stat.obj) : error LNK2001: 无法解析的外部符号 ippicviNormDiff_L1_8u_C4R
opencv_world320.lib(stat.obj) : error LNK2001: 无法解析的外部符号 ippicviNormDiff_L1_16s_C1R
opencv_world320.lib(stat.obj) : error LNK2001: 无法解析的外部符号 ippicviNormDiff_L1_16s_C3R
opencv_world320.lib(stat.obj) : error LNK2001: 无法解析的外部符号 ippicviNormDiff_L1_16s_C4R
opencv_world320.lib(stat.obj) : error LNK2001: 无法解析的外部符号 ippicviNormDiff_L1_16u_C1R
opencv_world320.lib(stat.obj) : error LNK2001: 无法解析的外部符号 ippicviNormDiff_L1_16u_C3R
opencv_world320.lib(stat.obj) : error LNK2001: 无法解析的外部符号 ippicviNormDiff_L1_16u_C4R
opencv_world320.lib(stat.obj) : error LNK2001: 无法解析的外部符号 ippicviNormDiff_L1_32f_C1R
opencv_world320.lib(stat.obj) : error LNK2001: 无法解析的外部符号 ippicviNormDiff_L1_32f_C3R
opencv_world320.lib(stat.obj) : error LNK2001: 无法解析的外部符号 ippicviNormDiff_L1_32f_C4R
opencv_world320.lib(stat.obj) : error LNK2001: 无法解析的外部符号 ippicviNormDiff_L2_8u_C1R
opencv_world320.lib(stat.obj) : error LNK2001: 无法解析的外部符号 ippicviNormDiff_L2_8u_C3R
opencv_world320.lib(stat.obj) : error LNK2001: 无法解析的外部符号 ippicviNormDiff_L2_8u_C4R
opencv_world320.lib(stat.obj) : error LNK2001: 无法解析的外部符号 ippicviNormDiff_L2_16s_C1R
opencv_world320.lib(stat.obj) : error LNK2001: 无法解析的外部符号 ippicviNormDiff_L2_16s_C3R
opencv_world320.lib(stat.obj) : error LNK2001: 无法解析的外部符号 ippicviNormDiff_L2_16s_C4R
opencv_world320.lib(stat.obj) : error LNK2001: 无法解析的外部符号 ippicviNormDiff_L2_16u_C1R
opencv_world320.lib(stat.obj) : error LNK2001: 无法解析的外部符号 ippicviNormDiff_L2_16u_C3R
opencv_world320.lib(stat.obj) : error LNK2001: 无法解析的外部符号 ippicviNormDiff_L2_16u_C4R
opencv_world320.lib(stat.obj) : error LNK2001: 无法解析的外部符号 ippicviNormDiff_L2_32f_C1R
opencv_world320.lib(stat.obj) : error LNK2001: 无法解析的外部符号 ippicviNormDiff_L2_32f_C3R
opencv_world320.lib(stat.obj) : error LNK2001: 无法解析的外部符号 ippicviNormDiff_L2_32f_C4R
opencv_world320.lib(stat.obj) : error LNK2001: 无法解析的外部符号 ippicviMinMaxIndx_16u_C1R
opencv_world320.lib(stat.obj) : error LNK2001: 无法解析的外部符号 ippicviMinMaxIndx_8u_C1R
opencv_world320.lib(stat.obj) : error LNK2001: 无法解析的外部符号 ippicviMean_8u_C1MR
opencv_world320.lib(stat.obj) : error LNK2001: 无法解析的外部符号 ippicviMean_8u_C3CMR
opencv_world320.lib(stat.obj) : error LNK2001: 无法解析的外部符号 ippicviMean_16u_C1MR
opencv_world320.lib(stat.obj) : error LNK2001: 无法解析的外部符号 ippicviMean_16u_C3CMR
opencv_world320.lib(stat.obj) : error LNK2001: 无法解析的外部符号 ippicviMean_32f_C1MR
opencv_world320.lib(stat.obj) : error LNK2001: 无法解析的外部符号 ippicviMean_32f_C3CMR
opencv_world320.lib(stat.obj) : error LNK2001: 无法解析的外部符号 ippicviMean_StdDev_8u_C1MR
opencv_world320.lib(stat.obj) : error LNK2001: 无法解析的外部符号 ippicviMean_StdDev_8u_C3CMR
opencv_world320.lib(stat.obj) : error LNK2001: 无法解析的外部符号 ippicviMean_StdDev_16u_C1MR
opencv_world320.lib(stat.obj) : error LNK2001: 无法解析的外部符号 ippicviMean_StdDev_16u_C3CMR
opencv_world320.lib(stat.obj) : error LNK2001: 无法解析的外部符号 ippicviMean_StdDev_32f_C1MR
opencv_world320.lib(stat.obj) : error LNK2001: 无法解析的外部符号 ippicviMean_StdDev_32f_C3CMR
opencv_world320.lib(stat.obj) : error LNK2001: 无法解析的外部符号 ippicviMean_StdDev_8u_C1R
opencv_world320.lib(stat.obj) : error LNK2001: 无法解析的外部符号 ippicviMean_StdDev_8u_C3CR
opencv_world320.lib(stat.obj) : error LNK2001: 无法解析的外部符号 ippicviMean_StdDev_16u_C1R
opencv_world320.lib(stat.obj) : error LNK2001: 无法解析的外部符号 ippicviMean_StdDev_16u_C3CR
opencv_world320.lib(stat.obj) : error LNK2001: 无法解析的外部符号 ippicviMean_StdDev_32f_C1R
opencv_world320.lib(stat.obj) : error LNK2001: 无法解析的外部符号 ippicviMean_StdDev_32f_C3CR
opencv_world320.lib(stat.obj) : error LNK2001: 无法解析的外部符号 ippicviMinMaxIndx_8u_C1MR
opencv_world320.lib(stat.obj) : error LNK2001: 无法解析的外部符号 ippicviMinMaxIndx_16u_C1MR
opencv_world320.lib(stat.obj) : error LNK2001: 无法解析的外部符号 ippicviMinMaxIndx_32f_C1MR
opencv_world320.lib(stat.obj) : error LNK2001: 无法解析的外部符号 ippicviNorm_Inf_8u_C1MR
opencv_world320.lib(stat.obj) : error LNK2001: 无法解析的外部符号 ippicviNorm_Inf_32f_C1MR
opencv_world320.lib(stat.obj) : error LNK2001: 无法解析的外部符号 ippicviNormDiff_Inf_8u_C1MR
opencv_world320.lib(stat.obj) : error LNK2001: 无法解析的外部符号 ippicviNormDiff_Inf_16u_C1MR
opencv_world320.lib(stat.obj) : error LNK2001: 无法解析的外部符号 ippicviNormDiff_Inf_32f_C1MR
opencv_world320.lib(stat.obj) : error LNK2001: 无法解析的外部符号 ippicviNormDiff_Inf_8u_C3CMR
opencv_world320.lib(stat.obj) : error LNK2001: 无法解析的外部符号 ippicviNormDiff_Inf_16u_C3CMR
opencv_world320.lib(stat.obj) : error LNK2001: 无法解析的外部符号 ippicviNormDiff_Inf_32f_C3CMR
opencv_world320.lib(stat.obj) : error LNK2001: 无法解析的外部符号 ippicviNormRel_Inf_8u_C1MR
opencv_world320.lib(stat.obj) : error LNK2001: 无法解析的外部符号 ippicviNormRel_Inf_16u_C1MR
opencv_world320.lib(stat.obj) : error LNK2001: 无法解析的外部符号 ippicviNormRel_Inf_32f_C1MR
opencv_world320.lib(stat.obj) : error LNK2001: 无法解析的外部符号 ippicviNorm_L1_8u_C1MR
opencv_world320.lib(stat.obj) : error LNK2001: 无法解析的外部符号 ippicviNorm_L1_16u_C1MR
opencv_world320.lib(stat.obj) : error LNK2001: 无法解析的外部符号 ippicviNorm_L1_32f_C1MR
opencv_world320.lib(stat.obj) : error LNK2001: 无法解析的外部符号 ippicviNormDiff_L1_8u_C1MR
opencv_world320.lib(stat.obj) : error LNK2001: 无法解析的外部符号 ippicviNormDiff_L1_16u_C1MR
opencv_world320.lib(stat.obj) : error LNK2001: 无法解析的外部符号 ippicviNormDiff_L1_32f_C1MR
opencv_world320.lib(stat.obj) : error LNK2001: 无法解析的外部符号 ippicviNormDiff_L1_8u_C3CMR
opencv_world320.lib(stat.obj) : error LNK2001: 无法解析的外部符号 ippicviNormDiff_L1_16u_C3CMR
opencv_world320.lib(stat.obj) : error LNK2001: 无法解析的外部符号 ippicviNormDiff_L1_32f_C3CMR
opencv_world320.lib(stat.obj) : error LNK2001: 无法解析的外部符号 ippicviNormRel_L1_8u_C1MR
opencv_world320.lib(stat.obj) : error LNK2001: 无法解析的外部符号 ippicviNormRel_L1_16u_C1MR
opencv_world320.lib(stat.obj) : error LNK2001: 无法解析的外部符号 ippicviNormRel_L1_32f_C1MR
opencv_world320.lib(stat.obj) : error LNK2001: 无法解析的外部符号 ippicviNorm_L2_8u_C1MR
opencv_world320.lib(stat.obj) : error LNK2001: 无法解析的外部符号 ippicviNorm_L2_16u_C1MR
opencv_world320.lib(stat.obj) : error LNK2001: 无法解析的外部符号 ippicviNorm_L2_32f_C1MR
opencv_world320.lib(stat.obj) : error LNK2001: 无法解析的外部符号 ippicviNormDiff_L2_8u_C1MR
opencv_world320.lib(stat.obj) : error LNK2001: 无法解析的外部符号 ippicviNormDiff_L2_16u_C1MR
opencv_world320.lib(stat.obj) : error LNK2001: 无法解析的外部符号 ippicviNormDiff_L2_32f_C1MR
opencv_world320.lib(stat.obj) : error LNK2001: 无法解析的外部符号 ippicviNormDiff_L2_8u_C3CMR
opencv_world320.lib(stat.obj) : error LNK2001: 无法解析的外部符号 ippicviNormDiff_L2_16u_C3CMR
opencv_world320.lib(stat.obj) : error LNK2001: 无法解析的外部符号 ippicviNormDiff_L2_32f_C3CMR
opencv_world320.lib(stat.obj) : error LNK2001: 无法解析的外部符号 ippicviNormRel_L2_8u_C1MR
opencv_world320.lib(stat.obj) : error LNK2001: 无法解析的外部符号 ippicviNormRel_L2_16u_C1MR
opencv_world320.lib(stat.obj) : error LNK2001: 无法解析的外部符号 ippicviNormRel_L2_32f_C1MR
opencv_world320.lib(mathfuncs.obj) : error LNK2001: 无法解析的外部符号 ippicvsPowx_32f_A21
opencv_world320.lib(mathfuncs.obj) : error LNK2001: 无法解析的外部符号 ippicvsPowx_64f_A50
opencv_world320.lib(mathfuncs.obj) : error LNK2001: 无法解析的外部符号 ippicvsPolarToCart_32f
opencv_world320.lib(mathfuncs.obj) : error LNK2001: 无法解析的外部符号 ippicvsPolarToCart_64f
opencv_world320.lib(filter.obj) : error LNK2001: 无法解析的外部符号 ippicviFilterBorderGetSize
opencv_world320.lib(filter.obj) : error LNK2001: 无法解析的外部符号 ippicviFilterBorderInit_16s
opencv_world320.lib(filter.obj) : error LNK2001: 无法解析的外部符号 ippicviFilterBorderInit_32f
opencv_world320.lib(filter.obj) : error LNK2001: 无法解析的外部符号 ippicviFilterBorder_8u_C1R
opencv_world320.lib(filter.obj) : error LNK2001: 无法解析的外部符号 ippicviFilterBorder_8u_C3R
opencv_world320.lib(filter.obj) : error LNK2001: 无法解析的外部符号 ippicviFilterBorder_8u_C4R
opencv_world320.lib(filter.obj) : error LNK2001: 无法解析的外部符号 ippicviFilterBorder_16u_C1R
opencv_world320.lib(filter.obj) : error LNK2001: 无法解析的外部符号 ippicviFilterBorder_16u_C3R
opencv_world320.lib(filter.obj) : error LNK2001: 无法解析的外部符号 ippicviFilterBorder_16u_C4R
opencv_world320.lib(filter.obj) : error LNK2001: 无法解析的外部符号 ippicviFilterBorder_16s_C1R
opencv_world320.lib(filter.obj) : error LNK2001: 无法解析的外部符号 ippicviFilterBorder_16s_C3R
opencv_world320.lib(filter.obj) : error LNK2001: 无法解析的外部符号 ippicviFilterBorder_16s_C4R
opencv_world320.lib(filter.obj) : error LNK2001: 无法解析的外部符号 ippicviFilterBorder_32f_C1R
opencv_world320.lib(filter.obj) : error LNK2001: 无法解析的外部符号 ippicviFilterBorder_32f_C3R
opencv_world320.lib(filter.obj) : error LNK2001: 无法解析的外部符号 ippicviFilterBorder_32f_C4R
opencv_world320.lib(filter.obj) : error LNK2001: 无法解析的外部符号 ippicviCopy_16s_C1R
opencv_world320.lib(filter.obj) : error LNK2001: 无法解析的外部符号 ippicviCopy_32f_C1R
opencv_world320.lib(convert.obj) : error LNK2001: 无法解析的外部符号 ippicviConvert_8u8s_C1RSfs
opencv_world320.lib(convert.obj) : error LNK2001: 无法解析的外部符号 ippicviConvert_8u16u_C1R
opencv_world320.lib(convert.obj) : error LNK2001: 无法解析的外部符号 ippicviConvert_8u16s_C1R
opencv_world320.lib(convert.obj) : error LNK2001: 无法解析的外部符号 ippicviConvert_8u32s_C1R
opencv_world320.lib(convert.obj) : error LNK2001: 无法解析的外部符号 ippicviConvert_8u32f_C1R
opencv_world320.lib(convert.obj) : error LNK2001: 无法解析的外部符号 ippicviConvert_8s8u_C1Rs
opencv_world320.lib(convert.obj) : error LNK2001: 无法解析的外部符号 ippicviConvert_8s16s_C1R
opencv_world320.lib(convert.obj) : error LNK2001: 无法解析的外部符号 ippicviConvert_8s16u_C1Rs
opencv_world320.lib(convert.obj) : error LNK2001: 无法解析的外部符号 ippicviConvert_8s32s_C1R
opencv_world320.lib(convert.obj) : error LNK2001: 无法解析的外部符号 ippicviConvert_8s32f_C1R
opencv_world320.lib(convert.obj) : error LNK2001: 无法解析的外部符号 ippicviConvert_16u8u_C1R
opencv_world320.lib(convert.obj) : error LNK2001: 无法解析的外部符号 ippicviConvert_16u8s_C1RSfs
opencv_world320.lib(convert.obj) : error LNK2001: 无法解析的外部符号 ippicviConvert_16u16s_C1RSfs
opencv_world320.lib(convert.obj) : error LNK2001: 无法解析的外部符号 ippicviConvert_16u32s_C1R
opencv_world320.lib(convert.obj) : error LNK2001: 无法解析的外部符号 ippicviConvert_16u32f_C1R
opencv_world320.lib(convert.obj) : error LNK2001: 无法解析的外部符号 ippicviConvert_16s8s_C1RSfs
opencv_world320.lib(convert.obj) : error LNK2001: 无法解析的外部符号 ippicviConvert_16s8u_C1R
opencv_world320.lib(convert.obj) : error LNK2001: 无法解析的外部符号 ippicviConvert_16s16u_C1Rs
opencv_world320.lib(convert.obj) : error LNK2001: 无法解析的外部符号 ippicviConvert_16s32s_C1R
opencv_world320.lib(convert.obj) : error LNK2001: 无法解析的外部符号 ippicviConvert_16s32f_C1R
opencv_world320.lib(convert.obj) : error LNK2001: 无法解析的外部符号 ippicviConvert_32s8u_C1R
opencv_world320.lib(convert.obj) : error LNK2001: 无法解析的外部符号 ippicviConvert_32s8s_C1R
opencv_world320.lib(convert.obj) : error LNK2001: 无法解析的外部符号 ippicviConvert_32s16u_C1RSfs
opencv_world320.lib(convert.obj) : error LNK2001: 无法解析的外部符号 ippicviConvert_32s16s_C1RSfs
opencv_world320.lib(convert.obj) : error LNK2001: 无法解析的外部符号 ippicviConvert_32s32f_C1R
opencv_world320.lib(convert.obj) : error LNK2001: 无法解析的外部符号 ippicviConvert_32f8u_C1RSfs
opencv_world320.lib(convert.obj) : error LNK2001: 无法解析的外部符号 ippicviConvert_32f8s_C1RSfs
opencv_world320.lib(convert.obj) : error LNK2001: 无法解析的外部符号 ippicviConvert_32f16u_C1RSfs
opencv_world320.lib(convert.obj) : error LNK2001: 无法解析的外部符号 ippicviConvert_32f32s_C1RSfs
opencv_world320.lib(convert.obj) : error LNK2001: 无法解析的外部符号 ippicviCopy_8u_C3P3R
opencv_world320.lib(convert.obj) : error LNK2001: 无法解析的外部符号 ippicviCopy_8u_C4P4R
opencv_world320.lib(convert.obj) : error LNK2001: 无法解析的外部符号 ippicviLUTPalette_8u_C3R
opencv_world320.lib(convert.obj) : error LNK2001: 无法解析的外部符号 ippicviLUTPalette_8u_C4R
opencv_world320.lib(grfmt_jpeg.obj) : error LNK2001: 无法解析的外部符号 jpeg_std_error
opencv_world320.lib(grfmt_jpeg.obj) : error LNK2001: 无法解析的外部符号 jpeg_CreateCompress
opencv_world320.lib(grfmt_jpeg.obj) : error LNK2001: 无法解析的外部符号 jpeg_CreateDecompress
opencv_world320.lib(grfmt_jpeg.obj) : error LNK2001: 无法解析的外部符号 jpeg_destroy_compress
opencv_world320.lib(grfmt_jpeg.obj) : error LNK2001: 无法解析的外部符号 jpeg_destroy_decompress
opencv_world320.lib(grfmt_jpeg.obj) : error LNK2001: 无法解析的外部符号 jpeg_stdio_dest
opencv_world320.lib(grfmt_jpeg.obj) : error LNK2001: 无法解析的外部符号 jpeg_stdio_src
opencv_world320.lib(grfmt_jpeg.obj) : error LNK2001: 无法解析的外部符号 jpeg_set_defaults
opencv_world320.lib(grfmt_jpeg.obj) : error LNK2001: 无法解析的外部符号 jpeg_set_quality
opencv_world320.lib(grfmt_jpeg.obj) : error LNK2001: 无法解析的外部符号 jpeg_default_qtables
opencv_world320.lib(grfmt_jpeg.obj) : error LNK2001: 无法解析的外部符号 jpeg_quality_scaling
opencv_world320.lib(grfmt_jpeg.obj) : error LNK2001: 无法解析的外部符号 jpeg_simple_progression
opencv_world320.lib(grfmt_jpeg.obj) : error LNK2001: 无法解析的外部符号 jpeg_alloc_huff_table
opencv_world320.lib(grfmt_jpeg.obj) : error LNK2001: 无法解析的外部符号 jpeg_start_compress
opencv_world320.lib(grfmt_jpeg.obj) : error LNK2001: 无法解析的外部符号 jpeg_write_scanlines
opencv_world320.lib(grfmt_jpeg.obj) : error LNK2001: 无法解析的外部符号 jpeg_finish_compress
opencv_world320.lib(grfmt_jpeg.obj) : error LNK2001: 无法解析的外部符号 jpeg_read_header
opencv_world320.lib(grfmt_jpeg.obj) : error LNK2001: 无法解析的外部符号 jpeg_start_decompress
opencv_world320.lib(grfmt_jpeg.obj) : error LNK2001: 无法解析的外部符号 jpeg_read_scanlines
opencv_world320.lib(grfmt_jpeg.obj) : error LNK2001: 无法解析的外部符号 jpeg_finish_decompress
opencv_world320.lib(grfmt_jpeg.obj) : error LNK2001: 无法解析的外部符号 jpeg_calc_output_dimensions
opencv_world320.lib(grfmt_jpeg.obj) : error LNK2001: 无法解析的外部符号 jpeg_resync_to_restart
opencv_world320.lib(grfmt_tiff.obj) : error LNK2001: 无法解析的外部符号 TIFFClose
opencv_world320.lib(grfmt_tiff.obj) : error LNK2001: 无法解析的外部符号 TIFFGetField
opencv_world320.lib(grfmt_tiff.obj) : error LNK2001: 无法解析的外部符号 TIFFReadDirectory
opencv_world320.lib(grfmt_tiff.obj) : error LNK2001: 无法解析的外部符号 TIFFScanlineSize
opencv_world320.lib(grfmt_tiff.obj) : error LNK2001: 无法解析的外部符号 TIFFIsTiled
opencv_world320.lib(grfmt_tiff.obj) : error LNK2001: 无法解析的外部符号 TIFFSetField
opencv_world320.lib(grfmt_tiff.obj) : error LNK2001: 无法解析的外部符号 TIFFWriteScanline
opencv_world320.lib(grfmt_tiff.obj) : error LNK2001: 无法解析的外部符号 TIFFReadRGBAStrip
opencv_world320.lib(grfmt_tiff.obj) : error LNK2001: 无法解析的外部符号 TIFFReadRGBATile
opencv_world320.lib(grfmt_tiff.obj) : error LNK2001: 无法解析的外部符号 TIFFRGBAImageOK
opencv_world320.lib(grfmt_tiff.obj) : error LNK2001: 无法解析的外部符号 TIFFOpen
opencv_world320.lib(grfmt_tiff.obj) : error LNK2001: 无法解析的外部符号 TIFFSetErrorHandler
opencv_world320.lib(grfmt_tiff.obj) : error LNK2001: 无法解析的外部符号 TIFFSetWarningHandler
opencv_world320.lib(grfmt_tiff.obj) : error LNK2001: 无法解析的外部符号 TIFFNumberOfStrips
opencv_world320.lib(grfmt_tiff.obj) : error LNK2001: 无法解析的外部符号 TIFFReadEncodedStrip
opencv_world320.lib(grfmt_tiff.obj) : error LNK2001: 无法解析的外部符号 TIFFReadEncodedTile
opencv_world320.lib(grfmt_tiff.obj) : error LNK2001: 无法解析的外部符号 TIFFWriteEncodedStrip
opencv_world320.lib(grfmt_png.obj) : error LNK2001: 无法解析的外部符号 png_create_read_struct
opencv_world320.lib(grfmt_png.obj) : error LNK2001: 无法解析的外部符号 png_create_write_struct
opencv_world320.lib(grfmt_png.obj) : error LNK2001: 无法解析的外部符号 png_set_longjmp_fn
opencv_world320.lib(grfmt_png.obj) : error LNK2001: 无法解析的外部符号 png_create_info_struct
opencv_world320.lib(grfmt_png.obj) : error LNK2001: 无法解析的外部符号 png_write_info
opencv_world320.lib(grfmt_png.obj) : error LNK2001: 无法解析的外部符号 png_read_info
opencv_world320.lib(grfmt_png.obj) : error LNK2001: 无法解析的外部符号 png_set_expand_gray_1_2_4_to_8
opencv_world320.lib(grfmt_png.obj) : error LNK2001: 无法解析的外部符号 png_set_palette_to_rgb
opencv_world320.lib(grfmt_png.obj) : error LNK2001: 无法解析的外部符号 png_set_tRNS_to_alpha
opencv_world320.lib(grfmt_png.obj) : error LNK2001: 无法解析的外部符号 png_set_bgr
opencv_world320.lib(grfmt_png.obj) : error LNK2001: 无法解析的外部符号 png_set_gray_to_rgb
opencv_world320.lib(grfmt_png.obj) : error LNK2001: 无法解析的外部符号 png_set_rgb_to_gray
opencv_world320.lib(grfmt_png.obj) : error LNK2001: 无法解析的外部符号 png_set_strip_alpha
opencv_world320.lib(grfmt_png.obj) : error LNK2001: 无法解析的外部符号 png_set_swap
opencv_world320.lib(grfmt_png.obj) : error LNK2001: 无法解析的外部符号 png_set_packing
opencv_world320.lib(grfmt_png.obj) : error LNK2001: 无法解析的外部符号 png_set_interlace_handling
opencv_world320.lib(grfmt_png.obj) : error LNK2001: 无法解析的外部符号 png_set_strip_16
opencv_world320.lib(grfmt_png.obj) : error LNK2001: 无法解析的外部符号 png_read_update_info
opencv_world320.lib(grfmt_png.obj) : error LNK2001: 无法解析的外部符号 png_read_image
opencv_world320.lib(grfmt_png.obj) : error LNK2001: 无法解析的外部符号 png_write_image
opencv_world320.lib(grfmt_png.obj) : error LNK2001: 无法解析的外部符号 png_write_end
opencv_world320.lib(grfmt_png.obj) : error LNK2001: 无法解析的外部符号 png_read_end
opencv_world320.lib(grfmt_png.obj) : error LNK2001: 无法解析的外部符号 png_destroy_read_struct
opencv_world320.lib(grfmt_png.obj) : error LNK2001: 无法解析的外部符号 png_destroy_write_struct
opencv_world320.lib(grfmt_png.obj) : error LNK2001: 无法解析的外部符号 png_set_filter
opencv_world320.lib(grfmt_png.obj) : error LNK2001: 无法解析的外部符号 png_set_compression_level
opencv_world320.lib(grfmt_png.obj) : error LNK2001: 无法解析的外部符号 png_set_compression_strategy
opencv_world320.lib(grfmt_png.obj) : error LNK2001: 无法解析的外部符号 png_init_io
opencv_world320.lib(grfmt_png.obj) : error LNK2001: 无法解析的外部符号 png_set_write_fn
opencv_world320.lib(grfmt_png.obj) : error LNK2001: 无法解析的外部符号 png_set_read_fn
opencv_world320.lib(grfmt_png.obj) : error LNK2001: 无法解析的外部符号 png_get_io_ptr
opencv_world320.lib(grfmt_png.obj) : error LNK2001: 无法解析的外部符号 png_error
opencv_world320.lib(grfmt_png.obj) : error LNK2001: 无法解析的外部符号 png_get_IHDR
opencv_world320.lib(grfmt_png.obj) : error LNK2001: 无法解析的外部符号 png_set_IHDR
opencv_world320.lib(grfmt_png.obj) : error LNK2001: 无法解析的外部符号 png_get_tRNS
opencv_world320.lib(grfmt_jpeg2000.obj) : error LNK2001: 无法解析的外部符号 jas_init
opencv_world320.lib(grfmt_jpeg2000.obj) : error LNK2001: 无法解析的外部符号 jas_cleanup
opencv_world320.lib(grfmt_jpeg2000.obj) : error LNK2001: 无法解析的外部符号 jas_stream_fopen
opencv_world320.lib(grfmt_jpeg2000.obj) : error LNK2001: 无法解析的外部符号 jas_stream_close
opencv_world320.lib(grfmt_jpeg2000.obj) : error LNK2001: 无法解析的外部符号 jas_cmprof_destroy
opencv_world320.lib(grfmt_jpeg2000.obj) : error LNK2001: 无法解析的外部符号 jas_cmprof_createfromclrspc
opencv_world320.lib(grfmt_jpeg2000.obj) : error LNK2001: 无法解析的外部符号 jas_matrix_create
opencv_world320.lib(grfmt_jpeg2000.obj) : error LNK2001: 无法解析的外部符号 jas_matrix_destroy
opencv_world320.lib(grfmt_jpeg2000.obj) : error LNK2001: 无法解析的外部符号 jas_image_create
opencv_world320.lib(grfmt_jpeg2000.obj) : error LNK2001: 无法解析的外部符号 jas_image_destroy
opencv_world320.lib(grfmt_jpeg2000.obj) : error LNK2001: 无法解析的外部符号 jas_image_decode
opencv_world320.lib(grfmt_jpeg2000.obj) : error LNK2001: 无法解析的外部符号 jas_image_encode
opencv_world320.lib(grfmt_jpeg2000.obj) : error LNK2001: 无法解析的外部符号 jas_image_readcmpt
opencv_world320.lib(grfmt_jpeg2000.obj) : error LNK2001: 无法解析的外部符号 jas_image_writecmpt
opencv_world320.lib(grfmt_jpeg2000.obj) : error LNK2001: 无法解析的外部符号 jas_image_getcmptbytype
opencv_world320.lib(grfmt_jpeg2000.obj) : error LNK2001: 无法解析的外部符号 jas_image_strtofmt
opencv_world320.lib(grfmt_jpeg2000.obj) : error LNK2001: 无法解析的外部符号 jas_image_chclrspc
opencv_world320.lib(grfmt_exr.obj) : error LNK2001: 无法解析的外部符号 "public: __cdecl Imf::Header::Header(int,int,float,class Imath::Vec2<float> const &,float,enum Imf::LineOrder,enum Imf::Compression)" (??0Header@Imf@@QEAA@HHMAEBV?$Vec2@M@Imath@@MW4LineOrder@1@W4Compression@1@@Z)
opencv_world320.lib(grfmt_exr.obj) : error LNK2001: 无法解析的外部符号 "public: __cdecl Imf::Header::~Header(void)" (??1Header@Imf@@QEAA@XZ)
opencv_world320.lib(grfmt_exr.obj) : error LNK2001: 无法解析的外部符号 "public: class Imath::Box<class Imath::Vec2<int> > const & __cdecl Imf::Header::dataWindow(void)const " (?dataWindow@Header@Imf@@QEBAAEBV?$Box@V?$Vec2@H@Imath@@@Imath@@XZ)
opencv_world320.lib(grfmt_exr.obj) : error LNK2001: 无法解析的外部符号 "public: class Imf::ChannelList & __cdecl Imf::Header::channels(void)" (?channels@Header@Imf@@QEAAAEAVChannelList@2@XZ)
opencv_world320.lib(grfmt_exr.obj) : error LNK2001: 无法解析的外部符号 "public: class Imf::ChannelList const & __cdecl Imf::Header::channels(void)const " (?channels@Header@Imf@@QEBAAEBVChannelList@2@XZ)
opencv_world320.lib(grfmt_exr.obj) : error LNK2001: 无法解析的外部符号 "public: __cdecl Imf::Slice::Slice(enum Imf::PixelType,char *,unsigned __int64,unsigned __int64,int,int,double,bool,bool)" (??0Slice@Imf@@QEAA@W4PixelType@1@PEAD_K2HHN_N3@Z)
opencv_world320.lib(grfmt_exr.obj) : error LNK2001: 无法解析的外部符号 "public: void __cdecl Imf::FrameBuffer::insert(char const * const,struct Imf::Slice const &)" (?insert@FrameBuffer@Imf@@QEAAXQEBDAEBUSlice@2@@Z)
opencv_world320.lib(grfmt_exr.obj) : error LNK2001: 无法解析的外部符号 "int __cdecl Imf::globalThreadCount(void)" (?globalThreadCount@Imf@@YAHXZ)
opencv_world320.lib(grfmt_exr.obj) : error LNK2001: 无法解析的外部符号 "public: __cdecl Imf::InputFile::InputFile(char const * const,int)" (??0InputFile@Imf@@QEAA@QEBDH@Z)
opencv_world320.lib(grfmt_exr.obj) : error LNK2001: 无法解析的外部符号 "public: class Imf::Header const & __cdecl Imf::InputFile::header(void)const " (?header@InputFile@Imf@@QEBAAEBVHeader@2@XZ)
opencv_world320.lib(grfmt_exr.obj) : error LNK2001: 无法解析的外部符号 "public: void __cdecl Imf::InputFile::setFrameBuffer(class Imf::FrameBuffer const &)" (?setFrameBuffer@InputFile@Imf@@QEAAXAEBVFrameBuffer@2@@Z)
opencv_world320.lib(grfmt_exr.obj) : error LNK2001: 无法解析的外部符号 "public: void __cdecl Imf::InputFile::readPixels(int,int)" (?readPixels@InputFile@Imf@@QEAAXHH@Z)
opencv_world320.lib(grfmt_exr.obj) : error LNK2001: 无法解析的外部符号 "public: __cdecl Imf::OutputFile::OutputFile(char const * const,class Imf::Header const &,int)" (??0OutputFile@Imf@@QEAA@QEBDAEBVHeader@1@H@Z)
opencv_world320.lib(grfmt_exr.obj) : error LNK2001: 无法解析的外部符号 "public: virtual __cdecl Imf::OutputFile::~OutputFile(void)" (??1OutputFile@Imf@@UEAA@XZ)
opencv_world320.lib(grfmt_exr.obj) : error LNK2001: 无法解析的外部符号 "public: void __cdecl Imf::OutputFile::setFrameBuffer(class Imf::FrameBuffer const &)" (?setFrameBuffer@OutputFile@Imf@@QEAAXAEBVFrameBuffer@2@@Z)
opencv_world320.lib(grfmt_exr.obj) : error LNK2001: 无法解析的外部符号 "public: void __cdecl Imf::OutputFile::writePixels(int)" (?writePixels@OutputFile@Imf@@QEAAXH@Z)
opencv_world320.lib(grfmt_exr.obj) : error LNK2001: 无法解析的外部符号 "public: __cdecl Imf::Channel::Channel(enum Imf::PixelType,int,int,bool)" (??0Channel@Imf@@QEAA@W4PixelType@1@HH_N@Z)
opencv_world320.lib(grfmt_exr.obj) : error LNK2001: 无法解析的外部符号 "public: void __cdecl Imf::ChannelList::insert(char const * const,struct Imf::Channel const &)" (?insert@ChannelList@Imf@@QEAAXQEBDAEBUChannel@2@@Z)
opencv_world320.lib(grfmt_exr.obj) : error LNK2001: 无法解析的外部符号 "public: struct Imf::Channel const * __cdecl Imf::ChannelList::findChannel(char const * const)const " (?findChannel@ChannelList@Imf@@QEBAPEBUChannel@2@QEBD@Z)
opencv_world320.lib(grfmt_exr.obj) : error LNK2001: 无法解析的外部符号 "private: static short __cdecl half::convert(int)" (?convert@half@@CAFH@Z)
opencv_world320.lib(grfmt_exr.obj) : error LNK2001: 无法解析的外部符号 "public: __cdecl Imf::Chromaticities::Chromaticities(class Imath::Vec2<float> const &,class Imath::Vec2<float> const &,class Imath::Vec2<float> const &,class Imath::Vec2<float> const &)" (??0Chromaticities@Imf@@QEAA@AEBV?$Vec2@M@Imath@@000@Z)
opencv_world320.lib(grfmt_exr.obj) : error LNK2001: 无法解析的外部符号 "bool __cdecl Imf::hasChromaticities(class Imf::Header const &)" (?hasChromaticities@Imf@@YA_NAEBVHeader@1@@Z)
opencv_world320.lib(grfmt_exr.obj) : error LNK2001: 无法解析的外部符号 "struct Imf::Chromaticities const & __cdecl Imf::chromaticities(class Imf::Header const &)" (?chromaticities@Imf@@YAAEBUChromaticities@1@AEBVHeader@1@@Z)
opencv_world320.lib(grfmt_exr.obj) : error LNK2001: 无法解析的外部符号 "private: static unsigned short const * const half::_eLut" (?_eLut@half@@0QBGB)
opencv_world320.lib(grfmt_webp.obj) : error LNK2001: 无法解析的外部符号 WebPDecodeBGRAInto
opencv_world320.lib(grfmt_webp.obj) : error LNK2001: 无法解析的外部符号 WebPDecodeBGRInto
opencv_world320.lib(grfmt_webp.obj) : error LNK2001: 无法解析的外部符号 WebPGetFeaturesInternal
opencv_world320.lib(grfmt_webp.obj) : error LNK2001: 无法解析的外部符号 WebPEncodeBGR
opencv_world320.lib(grfmt_webp.obj) : error LNK2001: 无法解析的外部符号 WebPEncodeBGRA
opencv_world320.lib(grfmt_webp.obj) : error LNK2001: 无法解析的外部符号 WebPEncodeLosslessBGR
opencv_world320.lib(grfmt_webp.obj) : error LNK2001: 无法解析的外部符号 WebPEncodeLosslessBGRA
opencv_world320.lib(arithm.obj) : error LNK2001: 无法解析的外部符号 ippicvsMaxEvery_32f
opencv_world320.lib(arithm.obj) : error LNK2001: 无法解析的外部符号 ippicvsMinEvery_32f
opencv_world320.lib(arithm.obj) : error LNK2001: 无法解析的外部符号 ippicvsMinEvery_16u
opencv_world320.lib(arithm.obj) : error LNK2001: 无法解析的外部符号 ippicvsMaxEvery_16u
opencv_world320.lib(arithm.obj) : error LNK2001: 无法解析的外部符号 ippicvsMinEvery_8u
opencv_world320.lib(arithm.obj) : error LNK2001: 无法解析的外部符号 ippicvsMaxEvery_8u
opencv_world320.lib(arithm.obj) : error LNK2001: 无法解析的外部符号 ippicvsMinEvery_64f
opencv_world320.lib(arithm.obj) : error LNK2001: 无法解析的外部符号 ippicvsMaxEvery_64f
opencv_world320.lib(arithm.obj) : error LNK2001: 无法解析的外部符号 ippicviAdd_8u_C1RSfs
opencv_world320.lib(arithm.obj) : error LNK2001: 无法解析的外部符号 ippicviAdd_16u_C1RSfs
opencv_world320.lib(arithm.obj) : error LNK2001: 无法解析的外部符号 ippicviAdd_16s_C1RSfs
opencv_world320.lib(arithm.obj) : error LNK2001: 无法解析的外部符号 ippicviSub_8u_C1RSfs
opencv_world320.lib(arithm.obj) : error LNK2001: 无法解析的外部符号 ippicviSub_16u_C1RSfs
opencv_world320.lib(arithm.obj) : error LNK2001: 无法解析的外部符号 ippicviSub_16s_C1RSfs
opencv_world320.lib(arithm.obj) : error LNK2001: 无法解析的外部符号 ippicviMul_16s_C1RSfs
opencv_world320.lib(arithm.obj) : error LNK2001: 无法解析的外部符号 ippicviMul_16u_C1RSfs
opencv_world320.lib(arithm.obj) : error LNK2001: 无法解析的外部符号 ippicviMul_8u_C1RSfs
opencv_world320.lib(arithm.obj) : error LNK2001: 无法解析的外部符号 ippicviAdd_32f_C1R
opencv_world320.lib(arithm.obj) : error LNK2001: 无法解析的外部符号 ippicviSub_32f_C1R
opencv_world320.lib(arithm.obj) : error LNK2001: 无法解析的外部符号 ippicviMul_32f_C1R
opencv_world320.lib(arithm.obj) : error LNK2001: 无法解析的外部符号 ippicviAnd_8u_C1R
opencv_world320.lib(arithm.obj) : error LNK2001: 无法解析的外部符号 ippicviOr_8u_C1R
opencv_world320.lib(arithm.obj) : error LNK2001: 无法解析的外部符号 ippicviXor_8u_C1R
opencv_world320.lib(arithm.obj) : error LNK2001: 无法解析的外部符号 ippicviNot_8u_C1R
opencv_world320.lib(arithm.obj) : error LNK2001: 无法解析的外部符号 ippicviCompare_8u_C1R
opencv_world320.lib(arithm.obj) : error LNK2001: 无法解析的外部符号 ippicviCompare_16u_C1R
opencv_world320.lib(arithm.obj) : error LNK2001: 无法解析的外部符号 ippicviCompare_16s_C1R
opencv_world320.lib(arithm.obj) : error LNK2001: 无法解析的外部符号 ippicviCompare_32f_C1R
opencv_world320.lib(arithm.obj) : error LNK2001: 无法解析的外部符号 ippicviAbsDiff_8u_C1R
opencv_world320.lib(arithm.obj) : error LNK2001: 无法解析的外部符号 ippicviAbsDiff_16u_C1R
opencv_world320.lib(arithm.obj) : error LNK2001: 无法解析的外部符号 ippicviAbsDiff_32f_C1R
opencv_world320.lib(matmul.obj) : error LNK2001: 无法解析的外部符号 ippicvsDotProd_32f64f
opencv_world320.lib(matmul.obj) : error LNK2001: 无法解析的外部符号 ippicvsDotProd_64f
opencv_world320.lib(matmul.obj) : error LNK2001: 无法解析的外部符号 ippicviDotProd_16u64f_C1R
opencv_world320.lib(matmul.obj) : error LNK2001: 无法解析的外部符号 ippicviDotProd_16s64f_C1R
opencv_world320.lib(matmul.obj) : error LNK2001: 无法解析的外部符号 ippicviDotProd_32s64f_C1R
opencv_world320.lib(mathfuncs_core.obj) : error LNK2001: 无法解析的外部符号 ippicvsExp_32f_A21
opencv_world320.lib(mathfuncs_core.obj) : error LNK2001: 无法解析的外部符号 ippicvsExp_64f_A50
opencv_world320.lib(mathfuncs_core.obj) : error LNK2001: 无法解析的外部符号 ippicvsLn_32f_A21
opencv_world320.lib(mathfuncs_core.obj) : error LNK2001: 无法解析的外部符号 ippicvsLn_64f_A50
opencv_world320.lib(mathfuncs_core.obj) : error LNK2001: 无法解析的外部符号 ippicvsInvSqrt_32f_A21
opencv_world320.lib(mathfuncs_core.obj) : error LNK2001: 无法解析的外部符号 ippicvsInvSqrt_64f_A50
opencv_world320.lib(mathfuncs_core.obj) : error LNK2001: 无法解析的外部符号 ippicvsSqrt_32f_A21
opencv_world320.lib(mathfuncs_core.obj) : error LNK2001: 无法解析的外部符号 ippicvsSqrt_64f_A50
opencv_world320.lib(mathfuncs_core.obj) : error LNK2001: 无法解析的外部符号 ippicvsMagnitude_32f
opencv_world320.lib(mathfuncs_core.obj) : error LNK2001: 无法解析的外部符号 ippicvsMagnitude_64f
opencv_world320.lib(templmatch.obj) : error LNK2001: 无法解析的外部符号 ippicviCrossCorrNormGetBufferSize
opencv_world320.lib(templmatch.obj) : error LNK2001: 无法解析的外部符号 ippicviCrossCorrNorm_32f_C1R
opencv_world320.lib(templmatch.obj) : error LNK2001: 无法解析的外部符号 ippicviCrossCorrNorm_8u32f_C1R
opencv_world320.lib(templmatch.obj) : error LNK2001: 无法解析的外部符号 ippicviSqrDistanceNormGetBufferSize
opencv_world320.lib(templmatch.obj) : error LNK2001: 无法解析的外部符号 ippicviSqrDistanceNorm_32f_C1R
opencv_world320.lib(templmatch.obj) : error LNK2001: 无法解析的外部符号 ippicviSqrDistanceNorm_8u32f_C1R
opencv_world320.lib(color.obj) : error LNK2001: 无法解析的外部符号 ippicviAlphaPremul_8u_AC4R
opencv_world320.lib(color.obj) : error LNK2001: 无法解析的外部符号 ippicviSwapChannels_8u_C3C4R
opencv_world320.lib(color.obj) : error LNK2001: 无法解析的外部符号 ippicviSwapChannels_16u_C3C4R
opencv_world320.lib(color.obj) : error LNK2001: 无法解析的外部符号 ippicviSwapChannels_32f_C3C4R
opencv_world320.lib(color.obj) : error LNK2001: 无法解析的外部符号 ippicviSwapChannels_8u_C4C3R
opencv_world320.lib(color.obj) : error LNK2001: 无法解析的外部符号 ippicviSwapChannels_16u_C4C3R
opencv_world320.lib(color.obj) : error LNK2001: 无法解析的外部符号 ippicviSwapChannels_32f_C4C3R
opencv_world320.lib(color.obj) : error LNK2001: 无法解析的外部符号 ippicviSwapChannels_8u_C4R
opencv_world320.lib(color.obj) : error LNK2001: 无法解析的外部符号 ippicviSwapChannels_16u_C4R
opencv_world320.lib(color.obj) : error LNK2001: 无法解析的外部符号 ippicviSwapChannels_32f_C4R
opencv_world320.lib(color.obj) : error LNK2001: 无法解析的外部符号 ippicviSwapChannels_8u_C3R
opencv_world320.lib(color.obj) : error LNK2001: 无法解析的外部符号 ippicviSwapChannels_16u_C3R
opencv_world320.lib(color.obj) : error LNK2001: 无法解析的外部符号 ippicviSwapChannels_32f_C3R
opencv_world320.lib(color.obj) : error LNK2001: 无法解析的外部符号 ippicviCopy_8u_AC4C3R
opencv_world320.lib(color.obj) : error LNK2001: 无法解析的外部符号 ippicviCopy_32f_AC4C3R
opencv_world320.lib(color.obj) : error LNK2001: 无法解析的外部符号 ippicviCopy_8u_P3C3R
opencv_world320.lib(color.obj) : error LNK2001: 无法解析的外部符号 ippicviCopy_32f_P3C3R
opencv_world320.lib(color.obj) : error LNK2001: 无法解析的外部符号 ippicviCopy_16u_AC4C3R
opencv_world320.lib(color.obj) : error LNK2001: 无法解析的外部符号 ippicviCopy_16u_P3C3R
opencv_world320.lib(color.obj) : error LNK2001: 无法解析的外部符号 ippicviColorToGray_8u_C3C1R
opencv_world320.lib(color.obj) : error LNK2001: 无法解析的外部符号 ippicviColorToGray_16u_C3C1R
opencv_world320.lib(color.obj) : error LNK2001: 无法解析的外部符号 ippicviColorToGray_32f_C3C1R
opencv_world320.lib(color.obj) : error LNK2001: 无法解析的外部符号 ippicviColorToGray_8u_AC4C1R
opencv_world320.lib(color.obj) : error LNK2001: 无法解析的外部符号 ippicviColorToGray_16u_AC4C1R
opencv_world320.lib(color.obj) : error LNK2001: 无法解析的外部符号 ippicviColorToGray_32f_AC4C1R
opencv_world320.lib(color.obj) : error LNK2001: 无法解析的外部符号 ippicviRGBToGray_8u_C3C1R
opencv_world320.lib(color.obj) : error LNK2001: 无法解析的外部符号 ippicviRGBToGray_16u_C3C1R
opencv_world320.lib(color.obj) : error LNK2001: 无法解析的外部符号 ippicviRGBToGray_32f_C3C1R
opencv_world320.lib(color.obj) : error LNK2001: 无法解析的外部符号 ippicviRGBToGray_8u_AC4C1R
opencv_world320.lib(color.obj) : error LNK2001: 无法解析的外部符号 ippicviRGBToGray_16u_AC4C1R
opencv_world320.lib(color.obj) : error LNK2001: 无法解析的外部符号 ippicviRGBToGray_32f_AC4C1R
opencv_world320.lib(color.obj) : error LNK2001: 无法解析的外部符号 ippicviRGBToXYZ_8u_C3R
opencv_world320.lib(color.obj) : error LNK2001: 无法解析的外部符号 ippicviXYZToRGB_8u_C3R
opencv_world320.lib(color.obj) : error LNK2001: 无法解析的外部符号 ippicviRGBToXYZ_16u_C3R
opencv_world320.lib(color.obj) : error LNK2001: 无法解析的外部符号 ippicviXYZToRGB_16u_C3R
opencv_world320.lib(color.obj) : error LNK2001: 无法解析的外部符号 ippicviRGBToXYZ_32f_C3R
opencv_world320.lib(color.obj) : error LNK2001: 无法解析的外部符号 ippicviXYZToRGB_32f_C3R
opencv_world320.lib(color.obj) : error LNK2001: 无法解析的外部符号 ippicviHSVToRGB_8u_C3R
opencv_world320.lib(color.obj) : error LNK2001: 无法解析的外部符号 ippicviHSVToRGB_16u_C3R
opencv_world320.lib(color.obj) : error LNK2001: 无法解析的外部符号 ippicviRGBToHLS_8u_C3R
opencv_world320.lib(color.obj) : error LNK2001: 无法解析的外部符号 ippicviHLSToRGB_8u_C3R
opencv_world320.lib(color.obj) : error LNK2001: 无法解析的外部符号 ippicviRGBToHLS_16u_C3R
opencv_world320.lib(color.obj) : error LNK2001: 无法解析的外部符号 ippicviHLSToRGB_16u_C3R
opencv_world320.lib(color.obj) : error LNK2001: 无法解析的外部符号 ippicviRGBToHLS_32f_C3R
opencv_world320.lib(color.obj) : error LNK2001: 无法解析的外部符号 ippicviHLSToRGB_32f_C3R
opencv_world320.lib(dxt.obj) : error LNK2001: 无法解析的外部符号 ippicvsDFTInit_C_32fc
opencv_world320.lib(dxt.obj) : error LNK2001: 无法解析的外部符号 ippicvsDFTInit_C_64fc
opencv_world320.lib(dxt.obj) : error LNK2001: 无法解析的外部符号 ippicvsDFTInit_R_32f
opencv_world320.lib(dxt.obj) : error LNK2001: 无法解析的外部符号 ippicvsDFTInit_R_64f
opencv_world320.lib(dxt.obj) : error LNK2001: 无法解析的外部符号 ippicvsDFTGetSize_R_32f
opencv_world320.lib(dxt.obj) : error LNK2001: 无法解析的外部符号 ippicvsDFTGetSize_R_64f
opencv_world320.lib(dxt.obj) : error LNK2001: 无法解析的外部符号 ippicvsDFTGetSize_C_32fc
opencv_world320.lib(dxt.obj) : error LNK2001: 无法解析的外部符号 ippicvsDFTGetSize_C_64fc
opencv_world320.lib(dxt.obj) : error LNK2001: 无法解析的外部符号 ippicvsDFTInv_CToC_32fc
opencv_world320.lib(dxt.obj) : error LNK2001: 无法解析的外部符号 ippicvsDFTInv_CToC_64fc
opencv_world320.lib(dxt.obj) : error LNK2001: 无法解析的外部符号 ippicvsDFTFwd_CToC_32fc
opencv_world320.lib(dxt.obj) : error LNK2001: 无法解析的外部符号 ippicvsDFTFwd_CToC_64fc
opencv_world320.lib(dxt.obj) : error LNK2001: 无法解析的外部符号 ippicvsDFTInv_PackToR_32f
opencv_world320.lib(dxt.obj) : error LNK2001: 无法解析的外部符号 ippicvsDFTInv_PackToR_64f
opencv_world320.lib(dxt.obj) : error LNK2001: 无法解析的外部符号 ippicvsDFTFwd_RToPack_32f
opencv_world320.lib(dxt.obj) : error LNK2001: 无法解析的外部符号 ippicvsDFTFwd_RToPack_64f
opencv_world320.lib(dxt.obj) : error LNK2001: 无法解析的外部符号 ippicviDCTFwdInit_32f
opencv_world320.lib(dxt.obj) : error LNK2001: 无法解析的外部符号 ippicviDCTInvInit_32f
opencv_world320.lib(dxt.obj) : error LNK2001: 无法解析的外部符号 ippicviDCTFwdGetSize_32f
opencv_world320.lib(dxt.obj) : error LNK2001: 无法解析的外部符号 ippicviDCTInvGetSize_32f
opencv_world320.lib(dxt.obj) : error LNK2001: 无法解析的外部符号 ippicviDCTFwd_32f_C1R
opencv_world320.lib(dxt.obj) : error LNK2001: 无法解析的外部符号 ippicviDCTInv_32f_C1R
opencv_world320.lib(dxt.obj) : error LNK2001: 无法解析的外部符号 ippicviDFTFwd_CToC_32fc_C1R
opencv_world320.lib(dxt.obj) : error LNK2001: 无法解析的外部符号 ippicviDFTFwd_RToPack_32f_C1R
opencv_world320.lib(dxt.obj) : error LNK2001: 无法解析的外部符号 ippicviDFTInv_CToC_32fc_C1R
opencv_world320.lib(dxt.obj) : error LNK2001: 无法解析的外部符号 ippicviDFTInv_PackToR_32f_C1R
opencv_world320.lib(dxt.obj) : error LNK2001: 无法解析的外部符号 ippicviDFTGetSize_C_32fc
opencv_world320.lib(dxt.obj) : error LNK2001: 无法解析的外部符号 ippicviDFTGetSize_R_32f
opencv_world320.lib(dxt.obj) : error LNK2001: 无法解析的外部符号 ippicviDFTInit_C_32fc
opencv_world320.lib(dxt.obj) : error LNK2001: 无法解析的外部符号 ippicviDFTInit_R_32f
opencv_world320.lib(sumpixels.obj) : error LNK2001: 无法解析的外部符号 ippicviIntegral_8u32s_C1R
opencv_world320.lib(sumpixels.obj) : error LNK2001: 无法解析的外部符号 ippicviIntegral_8u32f_C1R
opencv_world320.lib(sumpixels.obj) : error LNK2001: 无法解析的外部符号 ippicviSqrIntegral_8u32s64f_C1R
opencv_world320.lib(sumpixels.obj) : error LNK2001: 无法解析的外部符号 ippicviSqrIntegral_8u32f64f_C1R
C:\CodingWorkspace\C++\DetectKnife\x64\Release\deKnife.exe : fatal error LNK1120: 688 个无法解析的外部命令
